[2025-12-09T07:47:27.520Z] === AegisBridge v0.3 Testnet Relayer ===
[2025-12-09T07:47:27.524Z] Sepolia RPC : https://eth-sepolia.g.alchemy.com/v2/_-xTQNx5Gnu3G06RLUFq0
[2025-12-09T07:47:27.524Z] Amoy RPC    : https://polygon-amoy.g.alchemy.com/v2/_-xTQNx5Gnu3G06RLUFq0
[2025-12-09T07:47:27.525Z] Deployer/Relayer address: 0x36b95469dd6eA8d1e17c6bC65513e8c9f53ec50a
[2025-12-09T07:47:27.526Z] 
[2025-12-09T07:47:27.527Z] Sepolia chainId : 11155111
[2025-12-09T07:47:27.527Z] Amoy    chainId : 80002
[2025-12-09T07:47:27.528Z] 
[2025-12-09T07:47:27.529Z] SourceBridge (Sepolia): 0x4Fb169EDA4C92de96634595d36571637CFbb4437
[2025-12-09T07:47:27.529Z] ATT (Sepolia)        : 0xDc925c125DC7b51946031761c1693eA6238Bf3fb
[2025-12-09T07:47:27.530Z] TargetBridge (Amoy)  : 0xA9E3bf15148EA340e76B851483486ca546eD8018
[2025-12-09T07:47:27.531Z] wATT (Amoy)          : undefined
[2025-12-09T07:47:27.531Z] ========================================
[2025-12-09T07:47:27.532Z] [CONFIG] DRY_RUN=true, MAX_RETRIES=3, RETRY_DELAY_MS=10000
[2025-12-09T07:47:27.532Z] [CONFIG] FROM_BLOCK_SEPOLIA=0, FROM_BLOCK_AMOY=0
[2025-12-09T07:47:27.533Z] [STATE] Loaded relayer_state.json with 0 lock nonces and 0 burn nonces.
[2025-12-09T07:47:27.534Z] 
[2025-12-09T07:47:27.751Z] [SYNC] Fetching past Locked events on Sepolia from block 9799572 to 9801572...
[2025-12-09T08:01:48.551Z] === AegisBridge v0.3.1 Testnet Relayer ===
[2025-12-09T08:01:48.553Z] Sepolia RPC : https://eth-sepolia.g.alchemy.com/v2/_-xTQNx5Gnu3G06RLUFq0
[2025-12-09T08:01:48.554Z] Amoy RPC    : https://polygon-amoy.g.alchemy.com/v2/_-xTQNx5Gnu3G06RLUFq0
[2025-12-09T08:01:48.555Z] Deployer/Relayer address: 0x36b95469dd6eA8d1e17c6bC65513e8c9f53ec50a
[2025-12-09T08:01:48.556Z] 
[2025-12-09T08:01:48.556Z] Sepolia chainId : 11155111
[2025-12-09T08:01:48.557Z] Amoy    chainId : 80002
[2025-12-09T08:01:48.558Z] 
[2025-12-09T08:01:48.559Z] SourceBridge (Sepolia): 0x4Fb169EDA4C92de96634595d36571637CFbb4437
[2025-12-09T08:01:48.560Z] ATT (Sepolia)        : 0xDc925c125DC7b51946031761c1693eA6238Bf3fb
[2025-12-09T08:01:48.561Z] TargetBridge (Amoy)  : 0xA9E3bf15148EA340e76B851483486ca546eD8018
[2025-12-09T08:01:48.562Z] wATT (Amoy)          : 0x9A068771D7FcdB50b1ce41dfFb184099b5f32Dc4
[2025-12-09T08:01:48.562Z] ========================================
[2025-12-09T08:01:48.563Z] [CONFIG] DRY_RUN=true, MAX_RETRIES=3, RETRY_DELAY_MS=10000
[2025-12-09T08:01:48.564Z] [CONFIG] DISABLE_SYNC=false, FROM_BLOCK_SEPOLIA=0, FROM_BLOCK_AMOY=0
[2025-12-09T08:01:48.565Z] [STATE] Loaded relayer_state.json with 0 lock nonces and 0 burn nonces.
[2025-12-09T08:01:48.565Z] 
[2025-12-09T08:01:48.796Z] [SYNC] Fetching past Locked events on Sepolia from block 9799641 to 9801641 (chunked by 10)...
[2025-12-09T08:01:48.799Z] [SYNC] [Locked/Sepolia] Querying events from block 9799641 to 9799650 (chunkSize=10)...
[2025-12-09T08:01:49.016Z] [SYNC] [Locked/Sepolia] Got 0 event(s) in chunk 9799641-9799650.
[2025-12-09T08:01:49.322Z] [SYNC] [Locked/Sepolia] Querying events from block 9799651 to 9799660 (chunkSize=10)...
[2025-12-09T08:01:49.551Z] [SYNC] [Locked/Sepolia] Got 0 event(s) in chunk 9799651-9799660.
[2025-12-09T08:01:49.859Z] [SYNC] [Locked/Sepolia] Querying events from block 9799661 to 9799670 (chunkSize=10)...
[2025-12-09T08:01:50.106Z] [SYNC] [Locked/Sepolia] Got 0 event(s) in chunk 9799661-9799670.
[2025-12-09T08:01:50.422Z] [SYNC] [Locked/Sepolia] Querying events from block 9799671 to 9799680 (chunkSize=10)...
[2025-12-09T08:01:50.638Z] [SYNC] [Locked/Sepolia] Got 0 event(s) in chunk 9799671-9799680.
[2025-12-09T08:01:50.943Z] [SYNC] [Locked/Sepolia] Querying events from block 9799681 to 9799690 (chunkSize=10)...
[2025-12-09T08:01:51.187Z] [SYNC] [Locked/Sepolia] Got 0 event(s) in chunk 9799681-9799690.
[2025-12-09T08:01:51.501Z] [SYNC] [Locked/Sepolia] Querying events from block 9799691 to 9799700 (chunkSize=10)...
[2025-12-09T08:01:51.733Z] [SYNC] [Locked/Sepolia] Got 0 event(s) in chunk 9799691-9799700.
[2025-12-09T08:01:52.041Z] [SYNC] [Locked/Sepolia] Querying events from block 9799701 to 9799710 (chunkSize=10)...
[2025-12-09T08:01:52.272Z] [SYNC] [Locked/Sepolia] Got 0 event(s) in chunk 9799701-9799710.
[2025-12-09T08:01:52.596Z] [SYNC] [Locked/Sepolia] Querying events from block 9799711 to 9799720 (chunkSize=10)...
[2025-12-09T08:01:52.813Z] [SYNC] [Locked/Sepolia] Got 0 event(s) in chunk 9799711-9799720.
[2025-12-09T08:01:53.117Z] [SYNC] [Locked/Sepolia] Querying events from block 9799721 to 9799730 (chunkSize=10)...
[2025-12-09T08:01:53.347Z] [SYNC] [Locked/Sepolia] Got 0 event(s) in chunk 9799721-9799730.
[2025-12-09T08:01:53.648Z] [SYNC] [Locked/Sepolia] Querying events from block 9799731 to 9799740 (chunkSize=10)...
[2025-12-09T08:01:53.884Z] [SYNC] [Locked/Sepolia] Got 0 event(s) in chunk 9799731-9799740.
[2025-12-09T08:01:54.185Z] [SYNC] [Locked/Sepolia] Querying events from block 9799741 to 9799750 (chunkSize=10)...
[2025-12-09T08:01:54.418Z] [SYNC] [Locked/Sepolia] Got 0 event(s) in chunk 9799741-9799750.
[2025-12-09T08:01:54.725Z] [SYNC] [Locked/Sepolia] Querying events from block 9799751 to 9799760 (chunkSize=10)...
[2025-12-09T08:01:54.938Z] [SYNC] [Locked/Sepolia] Got 0 event(s) in chunk 9799751-9799760.
[2025-12-09T08:01:55.250Z] [SYNC] [Locked/Sepolia] Querying events from block 9799761 to 9799770 (chunkSize=10)...
[2025-12-09T08:01:55.468Z] [SYNC] [Locked/Sepolia] Got 0 event(s) in chunk 9799761-9799770.
[2025-12-09T08:01:55.773Z] [SYNC] [Locked/Sepolia] Querying events from block 9799771 to 9799780 (chunkSize=10)...
[2025-12-09T08:01:55.992Z] [SYNC] [Locked/Sepolia] Got 0 event(s) in chunk 9799771-9799780.
[2025-12-09T08:01:56.297Z] [SYNC] [Locked/Sepolia] Querying events from block 9799781 to 9799790 (chunkSize=10)...
[2025-12-09T08:01:56.524Z] [SYNC] [Locked/Sepolia] Got 0 event(s) in chunk 9799781-9799790.
[2025-12-09T08:01:56.830Z] [SYNC] [Locked/Sepolia] Querying events from block 9799791 to 9799800 (chunkSize=10)...
[2025-12-09T08:01:57.063Z] [SYNC] [Locked/Sepolia] Got 0 event(s) in chunk 9799791-9799800.
[2025-12-09T08:01:57.393Z] [SYNC] [Locked/Sepolia] Querying events from block 9799801 to 9799810 (chunkSize=10)...
[2025-12-09T08:01:57.607Z] [SYNC] [Locked/Sepolia] Got 0 event(s) in chunk 9799801-9799810.
[2025-12-09T08:01:57.909Z] [SYNC] [Locked/Sepolia] Querying events from block 9799811 to 9799820 (chunkSize=10)...
[2025-12-09T08:01:58.134Z] [SYNC] [Locked/Sepolia] Got 0 event(s) in chunk 9799811-9799820.
[2025-12-09T08:01:58.440Z] [SYNC] [Locked/Sepolia] Querying events from block 9799821 to 9799830 (chunkSize=10)...
[2025-12-09T08:01:58.656Z] [SYNC] [Locked/Sepolia] Got 0 event(s) in chunk 9799821-9799830.
[2025-12-09T08:01:58.959Z] [SYNC] [Locked/Sepolia] Querying events from block 9799831 to 9799840 (chunkSize=10)...
[2025-12-09T08:01:59.169Z] [SYNC] [Locked/Sepolia] Got 0 event(s) in chunk 9799831-9799840.
[2025-12-09T08:01:59.469Z] [SYNC] [Locked/Sepolia] Querying events from block 9799841 to 9799850 (chunkSize=10)...
[2025-12-09T08:01:59.684Z] [SYNC] [Locked/Sepolia] Got 0 event(s) in chunk 9799841-9799850.
[2025-12-09T08:02:00.002Z] [SYNC] [Locked/Sepolia] Querying events from block 9799851 to 9799860 (chunkSize=10)...
[2025-12-09T08:02:00.229Z] [SYNC] [Locked/Sepolia] Got 0 event(s) in chunk 9799851-9799860.
[2025-12-09T08:02:00.543Z] [SYNC] [Locked/Sepolia] Querying events from block 9799861 to 9799870 (chunkSize=10)...
[2025-12-09T08:02:00.768Z] [SYNC] [Locked/Sepolia] Got 0 event(s) in chunk 9799861-9799870.
[2025-12-09T08:02:01.078Z] [SYNC] [Locked/Sepolia] Querying events from block 9799871 to 9799880 (chunkSize=10)...
[2025-12-09T08:02:01.295Z] [SYNC] [Locked/Sepolia] Got 0 event(s) in chunk 9799871-9799880.
[2025-12-09T08:02:01.606Z] [SYNC] [Locked/Sepolia] Querying events from block 9799881 to 9799890 (chunkSize=10)...
[2025-12-09T08:02:01.822Z] [SYNC] [Locked/Sepolia] Got 0 event(s) in chunk 9799881-9799890.
[2025-12-09T08:02:02.127Z] [SYNC] [Locked/Sepolia] Querying events from block 9799891 to 9799900 (chunkSize=10)...
[2025-12-09T08:02:02.342Z] [SYNC] [Locked/Sepolia] Got 0 event(s) in chunk 9799891-9799900.
[2025-12-09T08:02:02.656Z] [SYNC] [Locked/Sepolia] Querying events from block 9799901 to 9799910 (chunkSize=10)...
[2025-12-09T08:02:02.871Z] [SYNC] [Locked/Sepolia] Got 0 event(s) in chunk 9799901-9799910.
[2025-12-09T08:02:03.183Z] [SYNC] [Locked/Sepolia] Querying events from block 9799911 to 9799920 (chunkSize=10)...
[2025-12-09T08:02:03.397Z] [SYNC] [Locked/Sepolia] Got 0 event(s) in chunk 9799911-9799920.
[2025-12-09T08:02:03.705Z] [SYNC] [Locked/Sepolia] Querying events from block 9799921 to 9799930 (chunkSize=10)...
[2025-12-09T08:02:03.920Z] [SYNC] [Locked/Sepolia] Got 0 event(s) in chunk 9799921-9799930.
[2025-12-09T08:02:04.234Z] [SYNC] [Locked/Sepolia] Querying events from block 9799931 to 9799940 (chunkSize=10)...
[2025-12-09T08:02:04.450Z] [SYNC] [Locked/Sepolia] Got 0 event(s) in chunk 9799931-9799940.
[2025-12-09T08:02:04.755Z] [SYNC] [Locked/Sepolia] Querying events from block 9799941 to 9799950 (chunkSize=10)...
[2025-12-09T08:02:04.970Z] [SYNC] [Locked/Sepolia] Got 0 event(s) in chunk 9799941-9799950.
[2025-12-09T08:02:05.275Z] [SYNC] [Locked/Sepolia] Querying events from block 9799951 to 9799960 (chunkSize=10)...
[2025-12-09T08:02:05.491Z] [SYNC] [Locked/Sepolia] Got 0 event(s) in chunk 9799951-9799960.
[2025-12-09T08:02:05.799Z] [SYNC] [Locked/Sepolia] Querying events from block 9799961 to 9799970 (chunkSize=10)...
[2025-12-09T08:02:06.022Z] [SYNC] [Locked/Sepolia] Got 0 event(s) in chunk 9799961-9799970.
[2025-12-09T08:02:06.330Z] [SYNC] [Locked/Sepolia] Querying events from block 9799971 to 9799980 (chunkSize=10)...
[2025-12-09T08:02:06.546Z] [SYNC] [Locked/Sepolia] Got 0 event(s) in chunk 9799971-9799980.
[2025-12-09T08:02:06.862Z] [SYNC] [Locked/Sepolia] Querying events from block 9799981 to 9799990 (chunkSize=10)...
[2025-12-09T08:02:07.078Z] [SYNC] [Locked/Sepolia] Got 0 event(s) in chunk 9799981-9799990.
[2025-12-09T08:02:07.390Z] [SYNC] [Locked/Sepolia] Querying events from block 9799991 to 9800000 (chunkSize=10)...
[2025-12-09T08:02:07.607Z] [SYNC] [Locked/Sepolia] Got 0 event(s) in chunk 9799991-9800000.
[2025-12-09T08:02:07.921Z] [SYNC] [Locked/Sepolia] Querying events from block 9800001 to 9800010 (chunkSize=10)...
[2025-12-09T08:02:08.136Z] [SYNC] [Locked/Sepolia] Got 0 event(s) in chunk 9800001-9800010.
[2025-12-09T08:02:08.441Z] [SYNC] [Locked/Sepolia] Querying events from block 9800011 to 9800020 (chunkSize=10)...
[2025-12-09T08:02:08.661Z] [SYNC] [Locked/Sepolia] Got 0 event(s) in chunk 9800011-9800020.
[2025-12-09T08:02:08.964Z] [SYNC] [Locked/Sepolia] Querying events from block 9800021 to 9800030 (chunkSize=10)...
[2025-12-09T08:02:09.184Z] [SYNC] [Locked/Sepolia] Got 0 event(s) in chunk 9800021-9800030.
[2025-12-09T08:02:09.489Z] [SYNC] [Locked/Sepolia] Querying events from block 9800031 to 9800040 (chunkSize=10)...
[2025-12-09T08:02:09.705Z] [SYNC] [Locked/Sepolia] Got 0 event(s) in chunk 9800031-9800040.
[2025-12-09T08:02:10.013Z] [SYNC] [Locked/Sepolia] Querying events from block 9800041 to 9800050 (chunkSize=10)...
[2025-12-09T08:02:10.228Z] [SYNC] [Locked/Sepolia] Got 0 event(s) in chunk 9800041-9800050.
[2025-12-09T08:02:10.532Z] [SYNC] [Locked/Sepolia] Querying events from block 9800051 to 9800060 (chunkSize=10)...
[2025-12-09T08:02:10.746Z] [SYNC] [Locked/Sepolia] Got 0 event(s) in chunk 9800051-9800060.
[2025-12-09T08:02:11.053Z] [SYNC] [Locked/Sepolia] Querying events from block 9800061 to 9800070 (chunkSize=10)...
[2025-12-09T08:02:11.275Z] [SYNC] [Locked/Sepolia] Got 0 event(s) in chunk 9800061-9800070.
[2025-12-09T08:02:11.580Z] [SYNC] [Locked/Sepolia] Querying events from block 9800071 to 9800080 (chunkSize=10)...
[2025-12-09T08:02:11.796Z] [SYNC] [Locked/Sepolia] Got 0 event(s) in chunk 9800071-9800080.
[2025-12-09T08:02:12.112Z] [SYNC] [Locked/Sepolia] Querying events from block 9800081 to 9800090 (chunkSize=10)...
[2025-12-09T08:02:12.326Z] [SYNC] [Locked/Sepolia] Got 0 event(s) in chunk 9800081-9800090.
[2025-12-09T08:02:12.643Z] [SYNC] [Locked/Sepolia] Querying events from block 9800091 to 9800100 (chunkSize=10)...
[2025-12-09T08:02:12.858Z] [SYNC] [Locked/Sepolia] Got 0 event(s) in chunk 9800091-9800100.
[2025-12-09T08:02:13.174Z] [SYNC] [Locked/Sepolia] Querying events from block 9800101 to 9800110 (chunkSize=10)...
[2025-12-09T08:02:13.391Z] [SYNC] [Locked/Sepolia] Got 0 event(s) in chunk 9800101-9800110.
[2025-12-09T08:02:13.705Z] [SYNC] [Locked/Sepolia] Querying events from block 9800111 to 9800120 (chunkSize=10)...
[2025-12-09T08:02:13.920Z] [SYNC] [Locked/Sepolia] Got 0 event(s) in chunk 9800111-9800120.
[2025-12-09T08:02:14.224Z] [SYNC] [Locked/Sepolia] Querying events from block 9800121 to 9800130 (chunkSize=10)...
[2025-12-09T08:02:14.449Z] [SYNC] [Locked/Sepolia] Got 0 event(s) in chunk 9800121-9800130.
[2025-12-09T08:02:14.752Z] [SYNC] [Locked/Sepolia] Querying events from block 9800131 to 9800140 (chunkSize=10)...
[2025-12-09T08:02:14.967Z] [SYNC] [Locked/Sepolia] Got 0 event(s) in chunk 9800131-9800140.
[2025-12-09T08:02:15.278Z] [SYNC] [Locked/Sepolia] Querying events from block 9800141 to 9800150 (chunkSize=10)...
[2025-12-09T08:02:15.492Z] [SYNC] [Locked/Sepolia] Got 0 event(s) in chunk 9800141-9800150.
[2025-12-09T08:02:15.805Z] [SYNC] [Locked/Sepolia] Querying events from block 9800151 to 9800160 (chunkSize=10)...
[2025-12-09T08:02:16.017Z] [SYNC] [Locked/Sepolia] Got 0 event(s) in chunk 9800151-9800160.
[2025-12-09T08:02:16.330Z] [SYNC] [Locked/Sepolia] Querying events from block 9800161 to 9800170 (chunkSize=10)...
[2025-12-09T08:02:16.546Z] [SYNC] [Locked/Sepolia] Got 0 event(s) in chunk 9800161-9800170.
[2025-12-09T08:02:16.861Z] [SYNC] [Locked/Sepolia] Querying events from block 9800171 to 9800180 (chunkSize=10)...
[2025-12-09T08:02:17.107Z] [SYNC] [Locked/Sepolia] Got 0 event(s) in chunk 9800171-9800180.
[2025-12-09T08:02:17.415Z] [SYNC] [Locked/Sepolia] Querying events from block 9800181 to 9800190 (chunkSize=10)...
[2025-12-09T08:02:17.626Z] [SYNC] [Locked/Sepolia] Got 0 event(s) in chunk 9800181-9800190.
[2025-12-09T08:02:17.936Z] [SYNC] [Locked/Sepolia] Querying events from block 9800191 to 9800200 (chunkSize=10)...
[2025-12-09T08:02:18.150Z] [SYNC] [Locked/Sepolia] Got 0 event(s) in chunk 9800191-9800200.
[2025-12-09T08:02:18.467Z] [SYNC] [Locked/Sepolia] Querying events from block 9800201 to 9800210 (chunkSize=10)...
[2025-12-09T08:02:18.681Z] [SYNC] [Locked/Sepolia] Got 0 event(s) in chunk 9800201-9800210.
[2025-12-09T08:02:18.996Z] [SYNC] [Locked/Sepolia] Querying events from block 9800211 to 9800220 (chunkSize=10)...
[2025-12-09T08:02:19.211Z] [SYNC] [Locked/Sepolia] Got 0 event(s) in chunk 9800211-9800220.
[2025-12-09T08:02:19.520Z] [SYNC] [Locked/Sepolia] Querying events from block 9800221 to 9800230 (chunkSize=10)...
[2025-12-09T08:02:19.739Z] [SYNC] [Locked/Sepolia] Got 0 event(s) in chunk 9800221-9800230.
[2025-12-09T08:02:20.053Z] [SYNC] [Locked/Sepolia] Querying events from block 9800231 to 9800240 (chunkSize=10)...
[2025-12-09T08:02:20.269Z] [SYNC] [Locked/Sepolia] Got 0 event(s) in chunk 9800231-9800240.
[2025-12-09T08:02:20.582Z] [SYNC] [Locked/Sepolia] Querying events from block 9800241 to 9800250 (chunkSize=10)...
[2025-12-09T08:02:20.797Z] [SYNC] [Locked/Sepolia] Got 0 event(s) in chunk 9800241-9800250.
[2025-12-09T08:02:21.106Z] [SYNC] [Locked/Sepolia] Querying events from block 9800251 to 9800260 (chunkSize=10)...
[2025-12-09T08:02:21.323Z] [SYNC] [Locked/Sepolia] Got 0 event(s) in chunk 9800251-9800260.
[2025-12-09T08:02:21.628Z] [SYNC] [Locked/Sepolia] Querying events from block 9800261 to 9800270 (chunkSize=10)...
[2025-12-09T08:02:21.860Z] [SYNC] [Locked/Sepolia] Got 0 event(s) in chunk 9800261-9800270.
[2025-12-09T08:02:22.175Z] [SYNC] [Locked/Sepolia] Querying events from block 9800271 to 9800280 (chunkSize=10)...
[2025-12-09T08:02:22.402Z] [SYNC] [Locked/Sepolia] Got 0 event(s) in chunk 9800271-9800280.
[2025-12-09T08:02:22.705Z] [SYNC] [Locked/Sepolia] Querying events from block 9800281 to 9800290 (chunkSize=10)...
[2025-12-09T08:02:22.920Z] [SYNC] [Locked/Sepolia] Got 0 event(s) in chunk 9800281-9800290.
[2025-12-09T08:02:23.238Z] [SYNC] [Locked/Sepolia] Querying events from block 9800291 to 9800300 (chunkSize=10)...
[2025-12-09T08:02:23.453Z] [SYNC] [Locked/Sepolia] Got 0 event(s) in chunk 9800291-9800300.
[2025-12-09T08:02:23.769Z] [SYNC] [Locked/Sepolia] Querying events from block 9800301 to 9800310 (chunkSize=10)...
[2025-12-09T08:02:23.987Z] [SYNC] [Locked/Sepolia] Got 0 event(s) in chunk 9800301-9800310.
[2025-12-09T08:02:24.299Z] [SYNC] [Locked/Sepolia] Querying events from block 9800311 to 9800320 (chunkSize=10)...
[2025-12-09T08:02:24.513Z] [SYNC] [Locked/Sepolia] Got 0 event(s) in chunk 9800311-9800320.
[2025-12-09T08:02:24.815Z] [SYNC] [Locked/Sepolia] Querying events from block 9800321 to 9800330 (chunkSize=10)...
[2025-12-09T08:02:25.029Z] [SYNC] [Locked/Sepolia] Got 0 event(s) in chunk 9800321-9800330.
[2025-12-09T08:02:25.333Z] [SYNC] [Locked/Sepolia] Querying events from block 9800331 to 9800340 (chunkSize=10)...
[2025-12-09T08:02:25.550Z] [SYNC] [Locked/Sepolia] Got 0 event(s) in chunk 9800331-9800340.
[2025-12-09T08:02:25.863Z] [SYNC] [Locked/Sepolia] Querying events from block 9800341 to 9800350 (chunkSize=10)...
[2025-12-09T08:02:26.079Z] [SYNC] [Locked/Sepolia] Got 0 event(s) in chunk 9800341-9800350.
[2025-12-09T08:02:26.381Z] [SYNC] [Locked/Sepolia] Querying events from block 9800351 to 9800360 (chunkSize=10)...
[2025-12-09T08:02:26.598Z] [SYNC] [Locked/Sepolia] Got 0 event(s) in chunk 9800351-9800360.
[2025-12-09T08:02:26.900Z] [SYNC] [Locked/Sepolia] Querying events from block 9800361 to 9800370 (chunkSize=10)...
[2025-12-09T08:02:27.113Z] [SYNC] [Locked/Sepolia] Got 0 event(s) in chunk 9800361-9800370.
[2025-12-09T08:02:27.421Z] [SYNC] [Locked/Sepolia] Querying events from block 9800371 to 9800380 (chunkSize=10)...
[2025-12-09T08:02:27.649Z] [SYNC] [Locked/Sepolia] Got 0 event(s) in chunk 9800371-9800380.
[2025-12-09T08:02:27.969Z] [SYNC] [Locked/Sepolia] Querying events from block 9800381 to 9800390 (chunkSize=10)...
[2025-12-09T08:02:28.183Z] [SYNC] [Locked/Sepolia] Got 0 event(s) in chunk 9800381-9800390.
[2025-12-09T08:02:28.486Z] [SYNC] [Locked/Sepolia] Querying events from block 9800391 to 9800400 (chunkSize=10)...
[2025-12-09T08:02:28.696Z] [SYNC] [Locked/Sepolia] Got 0 event(s) in chunk 9800391-9800400.
[2025-12-09T08:02:28.998Z] [SYNC] [Locked/Sepolia] Querying events from block 9800401 to 9800410 (chunkSize=10)...
[2025-12-09T08:02:29.211Z] [SYNC] [Locked/Sepolia] Got 0 event(s) in chunk 9800401-9800410.
[2025-12-09T08:02:29.519Z] [SYNC] [Locked/Sepolia] Querying events from block 9800411 to 9800420 (chunkSize=10)...
[2025-12-09T08:02:29.734Z] [SYNC] [Locked/Sepolia] Got 0 event(s) in chunk 9800411-9800420.
[2025-12-09T08:02:30.048Z] [SYNC] [Locked/Sepolia] Querying events from block 9800421 to 9800430 (chunkSize=10)...
[2025-12-09T08:02:30.264Z] [SYNC] [Locked/Sepolia] Got 0 event(s) in chunk 9800421-9800430.
[2025-12-09T08:02:30.576Z] [SYNC] [Locked/Sepolia] Querying events from block 9800431 to 9800440 (chunkSize=10)...
[2025-12-09T08:02:30.789Z] [SYNC] [Locked/Sepolia] Got 0 event(s) in chunk 9800431-9800440.
[2025-12-09T08:02:31.101Z] [SYNC] [Locked/Sepolia] Querying events from block 9800441 to 9800450 (chunkSize=10)...
[2025-12-09T08:02:31.316Z] [SYNC] [Locked/Sepolia] Got 0 event(s) in chunk 9800441-9800450.
[2025-12-09T08:02:31.630Z] [SYNC] [Locked/Sepolia] Querying events from block 9800451 to 9800460 (chunkSize=10)...
[2025-12-09T08:02:31.844Z] [SYNC] [Locked/Sepolia] Got 0 event(s) in chunk 9800451-9800460.
[2025-12-09T08:02:32.147Z] [SYNC] [Locked/Sepolia] Querying events from block 9800461 to 9800470 (chunkSize=10)...
[2025-12-09T08:02:32.361Z] [SYNC] [Locked/Sepolia] Got 0 event(s) in chunk 9800461-9800470.
[2025-12-09T08:02:32.666Z] [SYNC] [Locked/Sepolia] Querying events from block 9800471 to 9800480 (chunkSize=10)...
[2025-12-09T08:02:32.882Z] [SYNC] [Locked/Sepolia] Got 0 event(s) in chunk 9800471-9800480.
[2025-12-09T08:02:33.205Z] [SYNC] [Locked/Sepolia] Querying events from block 9800481 to 9800490 (chunkSize=10)...
[2025-12-09T08:02:33.422Z] [SYNC] [Locked/Sepolia] Got 0 event(s) in chunk 9800481-9800490.
[2025-12-09T08:02:33.725Z] [SYNC] [Locked/Sepolia] Querying events from block 9800491 to 9800500 (chunkSize=10)...
[2025-12-09T08:02:33.937Z] [SYNC] [Locked/Sepolia] Got 0 event(s) in chunk 9800491-9800500.
[2025-12-09T08:02:34.253Z] [SYNC] [Locked/Sepolia] Querying events from block 9800501 to 9800510 (chunkSize=10)...
[2025-12-09T08:02:34.467Z] [SYNC] [Locked/Sepolia] Got 0 event(s) in chunk 9800501-9800510.
[2025-12-09T08:02:34.772Z] [SYNC] [Locked/Sepolia] Querying events from block 9800511 to 9800520 (chunkSize=10)...
[2025-12-09T08:02:34.988Z] [SYNC] [Locked/Sepolia] Got 0 event(s) in chunk 9800511-9800520.
[2025-12-09T08:02:35.301Z] [SYNC] [Locked/Sepolia] Querying events from block 9800521 to 9800530 (chunkSize=10)...
[2025-12-09T08:02:35.516Z] [SYNC] [Locked/Sepolia] Got 0 event(s) in chunk 9800521-9800530.
[2025-12-09T08:02:35.818Z] [SYNC] [Locked/Sepolia] Querying events from block 9800531 to 9800540 (chunkSize=10)...
[2025-12-09T08:02:36.034Z] [SYNC] [Locked/Sepolia] Got 0 event(s) in chunk 9800531-9800540.
[2025-12-09T08:02:36.350Z] [SYNC] [Locked/Sepolia] Querying events from block 9800541 to 9800550 (chunkSize=10)...
[2025-12-09T08:02:36.567Z] [SYNC] [Locked/Sepolia] Got 0 event(s) in chunk 9800541-9800550.
[2025-12-09T08:02:36.883Z] [SYNC] [Locked/Sepolia] Querying events from block 9800551 to 9800560 (chunkSize=10)...
[2025-12-09T08:02:37.097Z] [SYNC] [Locked/Sepolia] Got 0 event(s) in chunk 9800551-9800560.
[2025-12-09T08:02:37.400Z] [SYNC] [Locked/Sepolia] Querying events from block 9800561 to 9800570 (chunkSize=10)...
[2025-12-09T08:02:37.615Z] [SYNC] [Locked/Sepolia] Got 0 event(s) in chunk 9800561-9800570.
[2025-12-09T08:02:37.917Z] [SYNC] [Locked/Sepolia] Querying events from block 9800571 to 9800580 (chunkSize=10)...
[2025-12-09T08:02:38.130Z] [SYNC] [Locked/Sepolia] Got 0 event(s) in chunk 9800571-9800580.
[2025-12-09T08:02:38.440Z] [SYNC] [Locked/Sepolia] Querying events from block 9800581 to 9800590 (chunkSize=10)...
[2025-12-09T08:02:38.655Z] [SYNC] [Locked/Sepolia] Got 0 event(s) in chunk 9800581-9800590.
[2025-12-09T08:02:38.956Z] [SYNC] [Locked/Sepolia] Querying events from block 9800591 to 9800600 (chunkSize=10)...
[2025-12-09T08:02:39.171Z] [SYNC] [Locked/Sepolia] Got 0 event(s) in chunk 9800591-9800600.
[2025-12-09T08:02:39.475Z] [SYNC] [Locked/Sepolia] Querying events from block 9800601 to 9800610 (chunkSize=10)...
[2025-12-09T08:02:39.690Z] [SYNC] [Locked/Sepolia] Got 0 event(s) in chunk 9800601-9800610.
[2025-12-09T08:02:39.994Z] [SYNC] [Locked/Sepolia] Querying events from block 9800611 to 9800620 (chunkSize=10)...
[2025-12-09T08:02:40.210Z] [SYNC] [Locked/Sepolia] Got 0 event(s) in chunk 9800611-9800620.
[2025-12-09T08:02:40.537Z] [SYNC] [Locked/Sepolia] Querying events from block 9800621 to 9800630 (chunkSize=10)...
[2025-12-09T08:02:40.765Z] [SYNC] [Locked/Sepolia] Got 0 event(s) in chunk 9800621-9800630.
[2025-12-09T08:02:41.071Z] [SYNC] [Locked/Sepolia] Querying events from block 9800631 to 9800640 (chunkSize=10)...
[2025-12-09T08:02:41.284Z] [SYNC] [Locked/Sepolia] Got 0 event(s) in chunk 9800631-9800640.
[2025-12-09T08:02:41.595Z] [SYNC] [Locked/Sepolia] Querying events from block 9800641 to 9800650 (chunkSize=10)...
[2025-12-09T08:02:41.813Z] [SYNC] [Locked/Sepolia] Got 0 event(s) in chunk 9800641-9800650.
[2025-12-09T08:02:42.114Z] [SYNC] [Locked/Sepolia] Querying events from block 9800651 to 9800660 (chunkSize=10)...
[2025-12-09T08:02:42.327Z] [SYNC] [Locked/Sepolia] Got 0 event(s) in chunk 9800651-9800660.
[2025-12-09T08:02:42.635Z] [SYNC] [Locked/Sepolia] Querying events from block 9800661 to 9800670 (chunkSize=10)...
[2025-12-09T08:02:42.863Z] [SYNC] [Locked/Sepolia] Got 0 event(s) in chunk 9800661-9800670.
[2025-12-09T08:02:43.168Z] [SYNC] [Locked/Sepolia] Querying events from block 9800671 to 9800680 (chunkSize=10)...
[2025-12-09T08:02:43.379Z] [SYNC] [Locked/Sepolia] Got 0 event(s) in chunk 9800671-9800680.
[2025-12-09T08:02:43.683Z] [SYNC] [Locked/Sepolia] Querying events from block 9800681 to 9800690 (chunkSize=10)...
[2025-12-09T08:02:43.895Z] [SYNC] [Locked/Sepolia] Got 0 event(s) in chunk 9800681-9800690.
[2025-12-09T08:02:44.197Z] [SYNC] [Locked/Sepolia] Querying events from block 9800691 to 9800700 (chunkSize=10)...
[2025-12-09T08:02:44.413Z] [SYNC] [Locked/Sepolia] Got 0 event(s) in chunk 9800691-9800700.
[2025-12-09T08:02:44.720Z] [SYNC] [Locked/Sepolia] Querying events from block 9800701 to 9800710 (chunkSize=10)...
[2025-12-09T08:02:44.934Z] [SYNC] [Locked/Sepolia] Got 0 event(s) in chunk 9800701-9800710.
[2025-12-09T08:02:45.240Z] [SYNC] [Locked/Sepolia] Querying events from block 9800711 to 9800720 (chunkSize=10)...
[2025-12-09T08:02:45.461Z] [SYNC] [Locked/Sepolia] Got 0 event(s) in chunk 9800711-9800720.
[2025-12-09T08:02:45.767Z] [SYNC] [Locked/Sepolia] Querying events from block 9800721 to 9800730 (chunkSize=10)...
[2025-12-09T08:02:45.977Z] [SYNC] [Locked/Sepolia] Got 0 event(s) in chunk 9800721-9800730.
[2025-12-09T08:02:46.279Z] [SYNC] [Locked/Sepolia] Querying events from block 9800731 to 9800740 (chunkSize=10)...
[2025-12-09T08:02:46.489Z] [SYNC] [Locked/Sepolia] Got 0 event(s) in chunk 9800731-9800740.
[2025-12-09T08:02:46.795Z] [SYNC] [Locked/Sepolia] Querying events from block 9800741 to 9800750 (chunkSize=10)...
[2025-12-09T08:02:47.008Z] [SYNC] [Locked/Sepolia] Got 0 event(s) in chunk 9800741-9800750.
[2025-12-09T08:02:47.321Z] [SYNC] [Locked/Sepolia] Querying events from block 9800751 to 9800760 (chunkSize=10)...
[2025-12-09T08:02:47.544Z] [SYNC] [Locked/Sepolia] Got 0 event(s) in chunk 9800751-9800760.
[2025-12-09T08:02:47.860Z] [SYNC] [Locked/Sepolia] Querying events from block 9800761 to 9800770 (chunkSize=10)...
[2025-12-09T08:02:48.082Z] [SYNC] [Locked/Sepolia] Got 0 event(s) in chunk 9800761-9800770.
[2025-12-09T08:02:48.397Z] [SYNC] [Locked/Sepolia] Querying events from block 9800771 to 9800780 (chunkSize=10)...
[2025-12-09T08:02:48.612Z] [SYNC] [Locked/Sepolia] Got 0 event(s) in chunk 9800771-9800780.
[2025-12-09T08:02:48.921Z] [SYNC] [Locked/Sepolia] Querying events from block 9800781 to 9800790 (chunkSize=10)...
[2025-12-09T08:02:49.137Z] [SYNC] [Locked/Sepolia] Got 0 event(s) in chunk 9800781-9800790.
[2025-12-09T08:02:49.438Z] [SYNC] [Locked/Sepolia] Querying events from block 9800791 to 9800800 (chunkSize=10)...
[2025-12-09T08:02:49.669Z] [SYNC] [Locked/Sepolia] Got 0 event(s) in chunk 9800791-9800800.
[2025-12-09T08:02:49.970Z] [SYNC] [Locked/Sepolia] Querying events from block 9800801 to 9800810 (chunkSize=10)...
[2025-12-09T08:02:50.193Z] [SYNC] [Locked/Sepolia] Got 0 event(s) in chunk 9800801-9800810.
[2025-12-09T08:02:50.509Z] [SYNC] [Locked/Sepolia] Querying events from block 9800811 to 9800820 (chunkSize=10)...
[2025-12-09T08:02:50.731Z] [SYNC] [Locked/Sepolia] Got 0 event(s) in chunk 9800811-9800820.
[2025-12-09T08:02:51.042Z] [SYNC] [Locked/Sepolia] Querying events from block 9800821 to 9800830 (chunkSize=10)...
[2025-12-09T08:02:51.255Z] [SYNC] [Locked/Sepolia] Got 0 event(s) in chunk 9800821-9800830.
[2025-12-09T08:02:51.560Z] [SYNC] [Locked/Sepolia] Querying events from block 9800831 to 9800840 (chunkSize=10)...
[2025-12-09T08:02:51.779Z] [SYNC] [Locked/Sepolia] Got 0 event(s) in chunk 9800831-9800840.
[2025-12-09T08:02:52.080Z] [SYNC] [Locked/Sepolia] Querying events from block 9800841 to 9800850 (chunkSize=10)...
[2025-12-09T08:02:52.298Z] [SYNC] [Locked/Sepolia] Got 0 event(s) in chunk 9800841-9800850.
[2025-12-09T08:02:52.602Z] [SYNC] [Locked/Sepolia] Querying events from block 9800851 to 9800860 (chunkSize=10)...
[2025-12-09T08:02:52.812Z] [SYNC] [Locked/Sepolia] Got 0 event(s) in chunk 9800851-9800860.
[2025-12-09T08:02:53.117Z] [SYNC] [Locked/Sepolia] Querying events from block 9800861 to 9800870 (chunkSize=10)...
[2025-12-09T08:02:53.332Z] [SYNC] [Locked/Sepolia] Got 0 event(s) in chunk 9800861-9800870.
[2025-12-09T08:02:53.635Z] [SYNC] [Locked/Sepolia] Querying events from block 9800871 to 9800880 (chunkSize=10)...
[2025-12-09T08:02:53.867Z] [SYNC] [Locked/Sepolia] Got 0 event(s) in chunk 9800871-9800880.
[2025-12-09T08:02:54.169Z] [SYNC] [Locked/Sepolia] Querying events from block 9800881 to 9800890 (chunkSize=10)...
[2025-12-09T08:02:54.382Z] [SYNC] [Locked/Sepolia] Got 0 event(s) in chunk 9800881-9800890.
[2025-12-09T08:02:54.691Z] [SYNC] [Locked/Sepolia] Querying events from block 9800891 to 9800900 (chunkSize=10)...
[2025-12-09T08:02:54.910Z] [SYNC] [Locked/Sepolia] Got 0 event(s) in chunk 9800891-9800900.
[2025-12-09T08:02:55.216Z] [SYNC] [Locked/Sepolia] Querying events from block 9800901 to 9800910 (chunkSize=10)...
[2025-12-09T08:02:55.430Z] [SYNC] [Locked/Sepolia] Got 0 event(s) in chunk 9800901-9800910.
[2025-12-09T08:02:55.737Z] [SYNC] [Locked/Sepolia] Querying events from block 9800911 to 9800920 (chunkSize=10)...
[2025-12-09T08:02:55.954Z] [SYNC] [Locked/Sepolia] Got 0 event(s) in chunk 9800911-9800920.
[2025-12-09T08:02:56.263Z] [SYNC] [Locked/Sepolia] Querying events from block 9800921 to 9800930 (chunkSize=10)...
[2025-12-09T08:02:56.478Z] [SYNC] [Locked/Sepolia] Got 0 event(s) in chunk 9800921-9800930.
[2025-12-09T08:02:56.787Z] [SYNC] [Locked/Sepolia] Querying events from block 9800931 to 9800940 (chunkSize=10)...
[2025-12-09T08:02:57.003Z] [SYNC] [Locked/Sepolia] Got 0 event(s) in chunk 9800931-9800940.
[2025-12-09T08:02:57.305Z] [SYNC] [Locked/Sepolia] Querying events from block 9800941 to 9800950 (chunkSize=10)...
[2025-12-09T08:02:57.528Z] [SYNC] [Locked/Sepolia] Got 1 event(s) in chunk 9800941-9800950.
[2025-12-09T08:02:57.835Z] [SYNC] [Locked/Sepolia] Querying events from block 9800951 to 9800960 (chunkSize=10)...
[2025-12-09T08:02:58.051Z] [SYNC] [Locked/Sepolia] Got 0 event(s) in chunk 9800951-9800960.
[2025-12-09T08:02:58.363Z] [SYNC] [Locked/Sepolia] Querying events from block 9800961 to 9800970 (chunkSize=10)...
[2025-12-09T08:02:58.579Z] [SYNC] [Locked/Sepolia] Got 0 event(s) in chunk 9800961-9800970.
[2025-12-09T08:02:58.895Z] [SYNC] [Locked/Sepolia] Querying events from block 9800971 to 9800980 (chunkSize=10)...
[2025-12-09T08:02:59.109Z] [SYNC] [Locked/Sepolia] Got 0 event(s) in chunk 9800971-9800980.
[2025-12-09T08:02:59.420Z] [SYNC] [Locked/Sepolia] Querying events from block 9800981 to 9800990 (chunkSize=10)...
[2025-12-09T08:02:59.638Z] [SYNC] [Locked/Sepolia] Got 1 event(s) in chunk 9800981-9800990.
[2025-12-09T08:02:59.942Z] [SYNC] [Locked/Sepolia] Querying events from block 9800991 to 9801000 (chunkSize=10)...
[2025-12-09T08:03:00.160Z] [SYNC] [Locked/Sepolia] Got 0 event(s) in chunk 9800991-9801000.
[2025-12-09T08:03:00.473Z] [SYNC] [Locked/Sepolia] Querying events from block 9801001 to 9801010 (chunkSize=10)...
[2025-12-09T08:03:00.688Z] [SYNC] [Locked/Sepolia] Got 0 event(s) in chunk 9801001-9801010.
[2025-12-09T08:03:00.991Z] [SYNC] [Locked/Sepolia] Querying events from block 9801011 to 9801020 (chunkSize=10)...
[2025-12-09T08:03:01.203Z] [SYNC] [Locked/Sepolia] Got 0 event(s) in chunk 9801011-9801020.
[2025-12-09T08:03:01.507Z] [SYNC] [Locked/Sepolia] Querying events from block 9801021 to 9801030 (chunkSize=10)...
[2025-12-09T08:03:01.723Z] [SYNC] [Locked/Sepolia] Got 0 event(s) in chunk 9801021-9801030.
[2025-12-09T08:03:02.036Z] [SYNC] [Locked/Sepolia] Querying events from block 9801031 to 9801040 (chunkSize=10)...
[2025-12-09T08:03:02.248Z] [SYNC] [Locked/Sepolia] Got 0 event(s) in chunk 9801031-9801040.
[2025-12-09T08:03:02.552Z] [SYNC] [Locked/Sepolia] Querying events from block 9801041 to 9801050 (chunkSize=10)...
[2025-12-09T08:03:02.767Z] [SYNC] [Locked/Sepolia] Got 0 event(s) in chunk 9801041-9801050.
[2025-12-09T08:03:03.078Z] [SYNC] [Locked/Sepolia] Querying events from block 9801051 to 9801060 (chunkSize=10)...
[2025-12-09T08:03:03.295Z] [SYNC] [Locked/Sepolia] Got 0 event(s) in chunk 9801051-9801060.
[2025-12-09T08:03:03.602Z] [SYNC] [Locked/Sepolia] Querying events from block 9801061 to 9801070 (chunkSize=10)...
[2025-12-09T08:03:03.814Z] [SYNC] [Locked/Sepolia] Got 0 event(s) in chunk 9801061-9801070.
[2025-12-09T08:03:04.116Z] [SYNC] [Locked/Sepolia] Querying events from block 9801071 to 9801080 (chunkSize=10)...
[2025-12-09T08:03:04.328Z] [SYNC] [Locked/Sepolia] Got 0 event(s) in chunk 9801071-9801080.
[2025-12-09T08:03:04.644Z] [SYNC] [Locked/Sepolia] Querying events from block 9801081 to 9801090 (chunkSize=10)...
[2025-12-09T08:03:04.857Z] [SYNC] [Locked/Sepolia] Got 0 event(s) in chunk 9801081-9801090.
[2025-12-09T08:03:05.160Z] [SYNC] [Locked/Sepolia] Querying events from block 9801091 to 9801100 (chunkSize=10)...
[2025-12-09T08:03:05.375Z] [SYNC] [Locked/Sepolia] Got 0 event(s) in chunk 9801091-9801100.
[2025-12-09T08:03:05.690Z] [SYNC] [Locked/Sepolia] Querying events from block 9801101 to 9801110 (chunkSize=10)...
[2025-12-09T08:03:05.903Z] [SYNC] [Locked/Sepolia] Got 0 event(s) in chunk 9801101-9801110.
[2025-12-09T08:03:06.209Z] [SYNC] [Locked/Sepolia] Querying events from block 9801111 to 9801120 (chunkSize=10)...
[2025-12-09T08:03:06.423Z] [SYNC] [Locked/Sepolia] Got 0 event(s) in chunk 9801111-9801120.
[2025-12-09T08:03:06.736Z] [SYNC] [Locked/Sepolia] Querying events from block 9801121 to 9801130 (chunkSize=10)...
[2025-12-09T08:03:06.951Z] [SYNC] [Locked/Sepolia] Got 0 event(s) in chunk 9801121-9801130.
[2025-12-09T08:03:07.263Z] [SYNC] [Locked/Sepolia] Querying events from block 9801131 to 9801140 (chunkSize=10)...
[2025-12-09T08:03:07.477Z] [SYNC] [Locked/Sepolia] Got 0 event(s) in chunk 9801131-9801140.
[2025-12-09T08:03:07.778Z] [SYNC] [Locked/Sepolia] Querying events from block 9801141 to 9801150 (chunkSize=10)...
[2025-12-09T08:03:07.993Z] [SYNC] [Locked/Sepolia] Got 0 event(s) in chunk 9801141-9801150.
[2025-12-09T08:03:08.307Z] [SYNC] [Locked/Sepolia] Querying events from block 9801151 to 9801160 (chunkSize=10)...
[2025-12-09T08:03:08.522Z] [SYNC] [Locked/Sepolia] Got 0 event(s) in chunk 9801151-9801160.
[2025-12-09T08:03:08.823Z] [SYNC] [Locked/Sepolia] Querying events from block 9801161 to 9801170 (chunkSize=10)...
[2025-12-09T08:03:09.039Z] [SYNC] [Locked/Sepolia] Got 0 event(s) in chunk 9801161-9801170.
[2025-12-09T08:03:09.347Z] [SYNC] [Locked/Sepolia] Querying events from block 9801171 to 9801180 (chunkSize=10)...
[2025-12-09T08:03:09.562Z] [SYNC] [Locked/Sepolia] Got 0 event(s) in chunk 9801171-9801180.
[2025-12-09T08:03:09.878Z] [SYNC] [Locked/Sepolia] Querying events from block 9801181 to 9801190 (chunkSize=10)...
[2025-12-09T08:03:10.093Z] [SYNC] [Locked/Sepolia] Got 0 event(s) in chunk 9801181-9801190.
[2025-12-09T08:03:10.397Z] [SYNC] [Locked/Sepolia] Querying events from block 9801191 to 9801200 (chunkSize=10)...
[2025-12-09T08:03:10.612Z] [SYNC] [Locked/Sepolia] Got 0 event(s) in chunk 9801191-9801200.
[2025-12-09T08:03:10.924Z] [SYNC] [Locked/Sepolia] Querying events from block 9801201 to 9801210 (chunkSize=10)...
[2025-12-09T08:03:11.139Z] [SYNC] [Locked/Sepolia] Got 0 event(s) in chunk 9801201-9801210.
[2025-12-09T08:03:11.446Z] [SYNC] [Locked/Sepolia] Querying events from block 9801211 to 9801220 (chunkSize=10)...
[2025-12-09T08:03:11.661Z] [SYNC] [Locked/Sepolia] Got 0 event(s) in chunk 9801211-9801220.
[2025-12-09T08:03:11.966Z] [SYNC] [Locked/Sepolia] Querying events from block 9801221 to 9801230 (chunkSize=10)...
[2025-12-09T08:03:12.182Z] [SYNC] [Locked/Sepolia] Got 0 event(s) in chunk 9801221-9801230.
[2025-12-09T08:03:12.487Z] [SYNC] [Locked/Sepolia] Querying events from block 9801231 to 9801240 (chunkSize=10)...
[2025-12-09T08:03:12.701Z] [SYNC] [Locked/Sepolia] Got 0 event(s) in chunk 9801231-9801240.
[2025-12-09T08:03:13.008Z] [SYNC] [Locked/Sepolia] Querying events from block 9801241 to 9801250 (chunkSize=10)...
[2025-12-09T08:03:13.223Z] [SYNC] [Locked/Sepolia] Got 0 event(s) in chunk 9801241-9801250.
[2025-12-09T08:03:13.527Z] [SYNC] [Locked/Sepolia] Querying events from block 9801251 to 9801260 (chunkSize=10)...
[2025-12-09T08:03:13.740Z] [SYNC] [Locked/Sepolia] Got 0 event(s) in chunk 9801251-9801260.
[2025-12-09T08:03:14.055Z] [SYNC] [Locked/Sepolia] Querying events from block 9801261 to 9801270 (chunkSize=10)...
[2025-12-09T08:03:14.267Z] [SYNC] [Locked/Sepolia] Got 0 event(s) in chunk 9801261-9801270.
[2025-12-09T08:03:14.569Z] [SYNC] [Locked/Sepolia] Querying events from block 9801271 to 9801280 (chunkSize=10)...
[2025-12-09T08:03:14.782Z] [SYNC] [Locked/Sepolia] Got 0 event(s) in chunk 9801271-9801280.
[2025-12-09T08:03:15.083Z] [SYNC] [Locked/Sepolia] Querying events from block 9801281 to 9801290 (chunkSize=10)...
[2025-12-09T08:03:15.296Z] [SYNC] [Locked/Sepolia] Got 0 event(s) in chunk 9801281-9801290.
[2025-12-09T08:03:15.610Z] [SYNC] [Locked/Sepolia] Querying events from block 9801291 to 9801300 (chunkSize=10)...
[2025-12-09T08:03:15.824Z] [SYNC] [Locked/Sepolia] Got 0 event(s) in chunk 9801291-9801300.
[2025-12-09T08:03:16.131Z] [SYNC] [Locked/Sepolia] Querying events from block 9801301 to 9801310 (chunkSize=10)...
[2025-12-09T08:03:16.347Z] [SYNC] [Locked/Sepolia] Got 0 event(s) in chunk 9801301-9801310.
[2025-12-09T08:03:16.651Z] [SYNC] [Locked/Sepolia] Querying events from block 9801311 to 9801320 (chunkSize=10)...
[2025-12-09T08:03:16.866Z] [SYNC] [Locked/Sepolia] Got 0 event(s) in chunk 9801311-9801320.
[2025-12-09T08:03:17.179Z] [SYNC] [Locked/Sepolia] Querying events from block 9801321 to 9801330 (chunkSize=10)...
[2025-12-09T08:03:17.398Z] [SYNC] [Locked/Sepolia] Got 0 event(s) in chunk 9801321-9801330.
[2025-12-09T08:03:17.699Z] [SYNC] [Locked/Sepolia] Querying events from block 9801331 to 9801340 (chunkSize=10)...
[2025-12-09T08:03:17.913Z] [SYNC] [Locked/Sepolia] Got 0 event(s) in chunk 9801331-9801340.
[2025-12-09T08:03:18.221Z] [SYNC] [Locked/Sepolia] Querying events from block 9801341 to 9801350 (chunkSize=10)...
[2025-12-09T08:03:18.434Z] [SYNC] [Locked/Sepolia] Got 0 event(s) in chunk 9801341-9801350.
[2025-12-09T08:03:18.741Z] [SYNC] [Locked/Sepolia] Querying events from block 9801351 to 9801360 (chunkSize=10)...
[2025-12-09T08:03:18.952Z] [SYNC] [Locked/Sepolia] Got 0 event(s) in chunk 9801351-9801360.
[2025-12-09T08:03:19.260Z] [SYNC] [Locked/Sepolia] Querying events from block 9801361 to 9801370 (chunkSize=10)...
[2025-12-09T08:03:19.476Z] [SYNC] [Locked/Sepolia] Got 0 event(s) in chunk 9801361-9801370.
[2025-12-09T08:03:19.788Z] [SYNC] [Locked/Sepolia] Querying events from block 9801371 to 9801380 (chunkSize=10)...
[2025-12-09T08:03:20.009Z] [SYNC] [Locked/Sepolia] Got 0 event(s) in chunk 9801371-9801380.
[2025-12-09T08:03:20.317Z] [SYNC] [Locked/Sepolia] Querying events from block 9801381 to 9801390 (chunkSize=10)...
[2025-12-09T08:03:20.532Z] [SYNC] [Locked/Sepolia] Got 0 event(s) in chunk 9801381-9801390.
[2025-12-09T08:03:20.839Z] [SYNC] [Locked/Sepolia] Querying events from block 9801391 to 9801400 (chunkSize=10)...
[2025-12-09T08:03:21.056Z] [SYNC] [Locked/Sepolia] Got 0 event(s) in chunk 9801391-9801400.
[2025-12-09T08:03:21.367Z] [SYNC] [Locked/Sepolia] Querying events from block 9801401 to 9801410 (chunkSize=10)...
[2025-12-09T08:03:21.583Z] [SYNC] [Locked/Sepolia] Got 0 event(s) in chunk 9801401-9801410.
[2025-12-09T08:03:21.884Z] [SYNC] [Locked/Sepolia] Querying events from block 9801411 to 9801420 (chunkSize=10)...
[2025-12-09T08:03:22.102Z] [SYNC] [Locked/Sepolia] Got 0 event(s) in chunk 9801411-9801420.
[2025-12-09T08:03:22.410Z] [SYNC] [Locked/Sepolia] Querying events from block 9801421 to 9801430 (chunkSize=10)...
[2025-12-09T08:03:22.622Z] [SYNC] [Locked/Sepolia] Got 0 event(s) in chunk 9801421-9801430.
[2025-12-09T08:03:22.923Z] [SYNC] [Locked/Sepolia] Querying events from block 9801431 to 9801440 (chunkSize=10)...
[2025-12-09T08:03:23.137Z] [SYNC] [Locked/Sepolia] Got 0 event(s) in chunk 9801431-9801440.
[2025-12-09T08:03:23.441Z] [SYNC] [Locked/Sepolia] Querying events from block 9801441 to 9801450 (chunkSize=10)...
[2025-12-09T08:03:23.655Z] [SYNC] [Locked/Sepolia] Got 0 event(s) in chunk 9801441-9801450.
[2025-12-09T08:03:23.963Z] [SYNC] [Locked/Sepolia] Querying events from block 9801451 to 9801460 (chunkSize=10)...
[2025-12-09T08:03:24.179Z] [SYNC] [Locked/Sepolia] Got 0 event(s) in chunk 9801451-9801460.
[2025-12-09T08:03:24.486Z] [SYNC] [Locked/Sepolia] Querying events from block 9801461 to 9801470 (chunkSize=10)...
[2025-12-09T08:03:24.701Z] [SYNC] [Locked/Sepolia] Got 0 event(s) in chunk 9801461-9801470.
[2025-12-09T08:03:25.009Z] [SYNC] [Locked/Sepolia] Querying events from block 9801471 to 9801480 (chunkSize=10)...
[2025-12-09T08:03:25.224Z] [SYNC] [Locked/Sepolia] Got 0 event(s) in chunk 9801471-9801480.
[2025-12-09T08:03:25.535Z] [SYNC] [Locked/Sepolia] Querying events from block 9801481 to 9801490 (chunkSize=10)...
[2025-12-09T08:03:25.749Z] [SYNC] [Locked/Sepolia] Got 0 event(s) in chunk 9801481-9801490.
[2025-12-09T08:03:26.059Z] [SYNC] [Locked/Sepolia] Querying events from block 9801491 to 9801500 (chunkSize=10)...
[2025-12-09T08:03:26.285Z] [SYNC] [Locked/Sepolia] Got 0 event(s) in chunk 9801491-9801500.
[2025-12-09T08:03:26.594Z] [SYNC] [Locked/Sepolia] Querying events from block 9801501 to 9801510 (chunkSize=10)...
[2025-12-09T08:03:26.808Z] [SYNC] [Locked/Sepolia] Got 0 event(s) in chunk 9801501-9801510.
[2025-12-09T08:03:27.122Z] [SYNC] [Locked/Sepolia] Querying events from block 9801511 to 9801520 (chunkSize=10)...
[2025-12-09T08:03:27.336Z] [SYNC] [Locked/Sepolia] Got 0 event(s) in chunk 9801511-9801520.
[2025-12-09T08:03:27.646Z] [SYNC] [Locked/Sepolia] Querying events from block 9801521 to 9801530 (chunkSize=10)...
[2025-12-09T08:03:27.865Z] [SYNC] [Locked/Sepolia] Got 0 event(s) in chunk 9801521-9801530.
[2025-12-09T08:03:28.185Z] [SYNC] [Locked/Sepolia] Querying events from block 9801531 to 9801540 (chunkSize=10)...
[2025-12-09T08:03:28.398Z] [SYNC] [Locked/Sepolia] Got 0 event(s) in chunk 9801531-9801540.
[2025-12-09T08:03:28.702Z] [SYNC] [Locked/Sepolia] Querying events from block 9801541 to 9801550 (chunkSize=10)...
[2025-12-09T08:03:28.917Z] [SYNC] [Locked/Sepolia] Got 0 event(s) in chunk 9801541-9801550.
[2025-12-09T08:03:29.219Z] [SYNC] [Locked/Sepolia] Querying events from block 9801551 to 9801560 (chunkSize=10)...
[2025-12-09T08:03:29.435Z] [SYNC] [Locked/Sepolia] Got 0 event(s) in chunk 9801551-9801560.
[2025-12-09T08:03:29.736Z] [SYNC] [Locked/Sepolia] Querying events from block 9801561 to 9801570 (chunkSize=10)...
[2025-12-09T08:03:29.950Z] [SYNC] [Locked/Sepolia] Got 0 event(s) in chunk 9801561-9801570.
[2025-12-09T08:03:30.261Z] [SYNC] [Locked/Sepolia] Querying events from block 9801571 to 9801580 (chunkSize=10)...
[2025-12-09T08:03:30.476Z] [SYNC] [Locked/Sepolia] Got 0 event(s) in chunk 9801571-9801580.
[2025-12-09T08:03:30.780Z] [SYNC] [Locked/Sepolia] Querying events from block 9801581 to 9801590 (chunkSize=10)...
[2025-12-09T08:03:30.997Z] [SYNC] [Locked/Sepolia] Got 0 event(s) in chunk 9801581-9801590.
[2025-12-09T08:03:31.301Z] [SYNC] [Locked/Sepolia] Querying events from block 9801591 to 9801600 (chunkSize=10)...
[2025-12-09T08:03:31.514Z] [SYNC] [Locked/Sepolia] Got 0 event(s) in chunk 9801591-9801600.
[2025-12-09T08:03:31.816Z] [SYNC] [Locked/Sepolia] Querying events from block 9801601 to 9801610 (chunkSize=10)...
[2025-12-09T08:03:32.031Z] [SYNC] [Locked/Sepolia] Got 0 event(s) in chunk 9801601-9801610.
[2025-12-09T08:03:32.344Z] [SYNC] [Locked/Sepolia] Querying events from block 9801611 to 9801620 (chunkSize=10)...
[2025-12-09T08:03:32.563Z] [SYNC] [Locked/Sepolia] Got 0 event(s) in chunk 9801611-9801620.
[2025-12-09T08:03:32.873Z] [SYNC] [Locked/Sepolia] Querying events from block 9801621 to 9801630 (chunkSize=10)...
[2025-12-09T08:03:33.087Z] [SYNC] [Locked/Sepolia] Got 0 event(s) in chunk 9801621-9801630.
[2025-12-09T08:03:33.395Z] [SYNC] [Locked/Sepolia] Querying events from block 9801631 to 9801640 (chunkSize=10)...
[2025-12-09T08:03:33.610Z] [SYNC] [Locked/Sepolia] Got 0 event(s) in chunk 9801631-9801640.
[2025-12-09T08:03:33.915Z] [SYNC] [Locked/Sepolia] Querying events from block 9801641 to 9801641 (chunkSize=10)...
[2025-12-09T08:03:34.131Z] [SYNC] [Locked/Sepolia] Got 0 event(s) in chunk 9801641-9801641.
[2025-12-09T08:03:34.441Z] [SYNC] Total Locked events found across all chunks: 2
[2025-12-09T08:06:52.271Z] === AegisBridge v0.3.1 Testnet Relayer ===
[2025-12-09T08:06:52.273Z] Sepolia RPC : https://eth-sepolia.g.alchemy.com/v2/_-xTQNx5Gnu3G06RLUFq0
[2025-12-09T08:06:52.274Z] Amoy RPC    : https://polygon-amoy.g.alchemy.com/v2/_-xTQNx5Gnu3G06RLUFq0
[2025-12-09T08:06:52.275Z] Deployer/Relayer address: 0x36b95469dd6eA8d1e17c6bC65513e8c9f53ec50a
[2025-12-09T08:06:52.276Z] 
[2025-12-09T08:06:52.277Z] Sepolia chainId : 11155111
[2025-12-09T08:06:52.278Z] Amoy    chainId : 80002
[2025-12-09T08:06:52.278Z] 
[2025-12-09T08:06:52.279Z] SourceBridge (Sepolia): 0x4Fb169EDA4C92de96634595d36571637CFbb4437
[2025-12-09T08:06:52.280Z] ATT (Sepolia)        : 0xDc925c125DC7b51946031761c1693eA6238Bf3fb
[2025-12-09T08:06:52.281Z] TargetBridge (Amoy)  : 0xA9E3bf15148EA340e76B851483486ca546eD8018
[2025-12-09T08:06:52.282Z] wATT (Amoy)          : 0x9A068771D7FcdB50b1ce41dfFb184099b5f32Dc4
[2025-12-09T08:06:52.283Z] ========================================
[2025-12-09T08:06:52.283Z] [CONFIG] DRY_RUN=true, MAX_RETRIES=3, RETRY_DELAY_MS=10000
[2025-12-09T08:06:52.284Z] [CONFIG] DISABLE_SYNC=true, FROM_BLOCK_SEPOLIA=9800900, FROM_BLOCK_AMOY=30205500
[2025-12-09T08:06:52.285Z] [STATE] Loaded relayer_state.json with 0 lock nonces and 0 burn nonces.
[2025-12-09T08:06:52.285Z] 
[2025-12-09T08:06:52.286Z] [SYNC] Initial sync is DISABLED by RELAYER_DISABLE_SYNC=true.
[2025-12-09T08:06:52.287Z] Subscribing to live events...
[2025-12-09T08:06:52.288Z] - Locked(user, recipient, amount, nonce) on SourceBridge (Sepolia) → mintFromSource on Amoy
[2025-12-09T08:06:52.289Z] - BurnToSource(from, to, amount, burnNonce) on TargetBridge (Amoy) → unlockFromTarget on Sepolia
[2025-12-09T08:06:52.290Z] 
[2025-12-09T08:06:52.292Z] Press Ctrl+C to exit.

[2025-12-09T08:07:41.148Z] 
[LOCK EVENT] Sepolia Locked → nonce=3, amount=1000.0, sender=0x36b95469dd6eA8d1e17c6bC65513e8c9f53ec50a, recipient=0x36b95469dd6eA8d1e17c6bC65513e8c9f53ec50a, tx=0xae4d0c00156f1a1b8d583340ed88de1bcf582ac35227fb06ba9b4c224d736062
[2025-12-09T08:07:41.542Z] [MINT] Preparing mintFromSource on Amoy: user=0x36b95469dd6eA8d1e17c6bC65513e8c9f53ec50a, amount=1000.0, nonce=3
[2025-12-09T08:07:41.544Z] [DRY_RUN] Would send tx: mintFromSource(nonce=3)
[2025-12-09T08:07:41.545Z] [MINT][DRY_RUN] Skipped sending tx, but mintFromSource would have been called for nonce=3.
[2025-12-09T08:08:15.506Z] 
[BURN EVENT] Amoy BurnToSource → burnNonce=3, amount=400.0, from=0x36b95469dd6eA8d1e17c6bC65513e8c9f53ec50a, to=0x36b95469dd6eA8d1e17c6bC65513e8c9f53ec50a, tx=0x298a94fb709446caea949ab7b1c000cbb49f45b54b63ea741391bbb4073c44b5
[2025-12-09T08:08:15.723Z] [UNLOCK] Preparing unlockFromTarget on Sepolia: recipient=0x36b95469dd6eA8d1e17c6bC65513e8c9f53ec50a, amount=400.0, burnNonce=3
[2025-12-09T08:08:15.724Z] [DRY_RUN] Would send tx: unlockFromTarget(burnNonce=3)
[2025-12-09T08:08:15.725Z] [UNLOCK][DRY_RUN] Skipped sending tx, but unlockFromTarget would have been called for burnNonce=3.
[2025-12-09T08:20:34.605Z] === AegisBridge v0.3.1 Testnet Relayer ===
[2025-12-09T08:20:34.608Z] Sepolia RPC : https://eth-sepolia.g.alchemy.com/v2/_-xTQNx5Gnu3G06RLUFq0
[2025-12-09T08:20:34.610Z] Amoy RPC    : https://polygon-amoy.g.alchemy.com/v2/_-xTQNx5Gnu3G06RLUFq0
[2025-12-09T08:20:34.610Z] Deployer/Relayer address: 0x36b95469dd6eA8d1e17c6bC65513e8c9f53ec50a
[2025-12-09T08:20:34.611Z] 
[2025-12-09T08:20:34.612Z] Sepolia chainId : 11155111
[2025-12-09T08:20:34.613Z] Amoy    chainId : 80002
[2025-12-09T08:20:34.613Z] 
[2025-12-09T08:20:34.614Z] SourceBridge (Sepolia): 0x4Fb169EDA4C92de96634595d36571637CFbb4437
[2025-12-09T08:20:34.615Z] ATT (Sepolia)        : 0xDc925c125DC7b51946031761c1693eA6238Bf3fb
[2025-12-09T08:20:34.616Z] TargetBridge (Amoy)  : 0xA9E3bf15148EA340e76B851483486ca546eD8018
[2025-12-09T08:20:34.616Z] wATT (Amoy)          : 0x9A068771D7FcdB50b1ce41dfFb184099b5f32Dc4
[2025-12-09T08:20:34.617Z] ========================================
[2025-12-09T08:20:34.618Z] [CONFIG] DRY_RUN=false, MAX_RETRIES=3, RETRY_DELAY_MS=10000
[2025-12-09T08:20:34.618Z] [CONFIG] DISABLE_SYNC=true, FROM_BLOCK_SEPOLIA=9800900, FROM_BLOCK_AMOY=30205500
[2025-12-09T08:20:34.619Z] [STATE] Loaded relayer_state.json with 0 lock nonces and 0 burn nonces.
[2025-12-09T08:20:34.620Z] 
[2025-12-09T08:20:34.620Z] [SYNC] Initial sync is DISABLED by RELAYER_DISABLE_SYNC=true.
[2025-12-09T08:20:34.621Z] Subscribing to live events...
[2025-12-09T08:20:34.623Z] - Locked(user, recipient, amount, nonce) on SourceBridge (Sepolia) → mintFromSource on Amoy
[2025-12-09T08:20:34.624Z] - BurnToSource(from, to, amount, burnNonce) on TargetBridge (Amoy) → unlockFromTarget on Sepolia
[2025-12-09T08:20:34.626Z] 
[2025-12-09T08:20:34.627Z] Press Ctrl+C to exit.

[2025-12-09T08:21:14.971Z] 
[LOCK EVENT] Sepolia Locked → nonce=4, amount=1000.0, sender=0x36b95469dd6eA8d1e17c6bC65513e8c9f53ec50a, recipient=0x36b95469dd6eA8d1e17c6bC65513e8c9f53ec50a, tx=0x27b589c4a6be750a251f9bb4a28c2011160c991bd6156d435c62adbbc3b29433
[2025-12-09T08:21:15.358Z] [MINT] Preparing mintFromSource on Amoy: user=0x36b95469dd6eA8d1e17c6bC65513e8c9f53ec50a, amount=1000.0, nonce=4
[2025-12-09T08:21:15.359Z] [TX] mintFromSource(nonce=4) — attempt 1/3
[2025-12-09T08:21:17.615Z] [TX] mintFromSource(nonce=4) sent: 0xb0bf7ddb2bafcacf3a745ddd6dfaf6d876c92c994ce8bc77e7c1db0f04cc294b
[2025-12-09T08:21:21.963Z] [TX] mintFromSource(nonce=4) confirmed in block 30212220 (status=1)
[2025-12-09T08:21:21.965Z] [MINT] mintFromSource successful for nonce=4, tx=undefined
[2025-12-09T08:22:12.426Z] 
[BURN EVENT] Amoy BurnToSource → burnNonce=4, amount=400.0, from=0x36b95469dd6eA8d1e17c6bC65513e8c9f53ec50a, to=0x36b95469dd6eA8d1e17c6bC65513e8c9f53ec50a, tx=0xbb9225d70bb9b669f2f8d3038307d67ddb9c7585d64b75d4ffce6e58d8bd1420
[2025-12-09T08:22:12.637Z] [UNLOCK] Preparing unlockFromTarget on Sepolia: recipient=0x36b95469dd6eA8d1e17c6bC65513e8c9f53ec50a, amount=400.0, burnNonce=4
[2025-12-09T08:22:12.638Z] [TX] unlockFromTarget(burnNonce=4) — attempt 1/3
[2025-12-09T08:22:13.995Z] [TX] unlockFromTarget(burnNonce=4) sent: 0x675dbf9edd8c68b735eac9a8067f2fba0d757264a01149b61649c9ae9f361cc2
[2025-12-09T08:22:28.823Z] [TX] unlockFromTarget(burnNonce=4) confirmed in block 9801738 (status=1)
[2025-12-09T08:22:28.824Z] [UNLOCK] unlockFromTarget successful for burnNonce=4, tx=undefined
[2025-12-09T11:52:35.948Z] === AegisBridge v0.3.1 Testnet Relayer ===
[2025-12-09T11:52:35.951Z] Sepolia RPC : https://eth-sepolia.g.alchemy.com/v2/_-xTQNx5Gnu3G06RLUFq0
[2025-12-09T11:52:35.952Z] Amoy RPC    : https://polygon-amoy.g.alchemy.com/v2/_-xTQNx5Gnu3G06RLUFq0
[2025-12-09T11:52:35.953Z] Deployer/Relayer address: 0x36b95469dd6eA8d1e17c6bC65513e8c9f53ec50a
[2025-12-09T11:52:35.953Z] 
[2025-12-09T11:52:35.954Z] Sepolia chainId : 11155111
[2025-12-09T11:52:35.956Z] Amoy    chainId : 80002
[2025-12-09T11:52:35.956Z] 
[2025-12-09T11:52:35.957Z] SourceBridge (Sepolia): 0x4Fb169EDA4C92de96634595d36571637CFbb4437
[2025-12-09T11:52:35.958Z] ATT (Sepolia)        : 0xDc925c125DC7b51946031761c1693eA6238Bf3fb
[2025-12-09T11:52:35.959Z] TargetBridge (Amoy)  : 0xA9E3bf15148EA340e76B851483486ca546eD8018
[2025-12-09T11:52:35.959Z] wATT (Amoy)          : 0x9A068771D7FcdB50b1ce41dfFb184099b5f32Dc4
[2025-12-09T11:52:35.960Z] ========================================
[2025-12-09T11:52:35.960Z] [CONFIG] DRY_RUN=false, MAX_RETRIES=3, RETRY_DELAY_MS=10000
[2025-12-09T11:52:35.961Z] [CONFIG] DISABLE_SYNC=true, FROM_BLOCK_SEPOLIA=9800900, FROM_BLOCK_AMOY=30205500
[2025-12-09T11:52:35.962Z] [STATE] Loaded relayer_state.json with 1 lock nonces and 1 burn nonces.
[2025-12-09T11:52:35.963Z] 
[2025-12-09T11:52:35.964Z] [SYNC] Initial sync is DISABLED by RELAYER_DISABLE_SYNC=true.
[2025-12-09T11:52:35.964Z] Subscribing to live events...
[2025-12-09T11:52:35.965Z] - Locked(user, recipient, amount, nonce) on SourceBridge (Sepolia) → mintFromSource on Amoy
[2025-12-09T11:52:35.966Z] - BurnToSource(from, to, amount, burnNonce) on TargetBridge (Amoy) → unlockFromTarget on Sepolia
[2025-12-09T11:52:35.967Z] 
[2025-12-09T11:52:35.968Z] Press Ctrl+C to exit.

[2025-12-09T12:02:37.485Z] 
[LOCK EVENT] Sepolia Locked → nonce=5, amount=0.1, sender=0x36b95469dd6eA8d1e17c6bC65513e8c9f53ec50a, recipient=0x36b95469dd6eA8d1e17c6bC65513e8c9f53ec50a, tx=0x6cb82eacfdc0e5f9ac5e385784d3baf2d98259a697d378a383915caed89a1c1b
[2025-12-09T12:02:37.866Z] [MINT] Preparing mintFromSource on Amoy: user=0x36b95469dd6eA8d1e17c6bC65513e8c9f53ec50a, amount=0.1, nonce=5
[2025-12-09T12:02:37.868Z] [TX] mintFromSource(nonce=5) — attempt 1/3
[2025-12-09T12:02:40.153Z] [TX] mintFromSource(nonce=5) sent: 0x31c9622f60c895cf4876217e4e2f9cadb810f2c4a4a85b974f12a5586225150b
[2025-12-09T12:02:46.517Z] [TX] mintFromSource(nonce=5) confirmed in block 30221075 (status=1)
[2025-12-09T12:02:46.518Z] [MINT] mintFromSource successful for nonce=5, tx=undefined
[2025-12-09T12:03:47.367Z] 
[BURN EVENT] Amoy BurnToSource → burnNonce=5, amount=0.1, from=0x36b95469dd6eA8d1e17c6bC65513e8c9f53ec50a, to=0x36b95469dd6eA8d1e17c6bC65513e8c9f53ec50a, tx=0xc3a5aca13c88c65a1f0617e89f21a6aa76494929aeecccb6b1048f73133a6751
[2025-12-09T12:03:47.580Z] [UNLOCK] Preparing unlockFromTarget on Sepolia: recipient=0x36b95469dd6eA8d1e17c6bC65513e8c9f53ec50a, amount=0.1, burnNonce=5
[2025-12-09T12:03:47.581Z] [TX] unlockFromTarget(burnNonce=5) — attempt 1/3
[2025-12-09T12:03:48.948Z] [TX] unlockFromTarget(burnNonce=5) sent: 0x3a410b70d628d9a08441340d48f613948d99af2f2a46243eefa4cd47bfb69b54
[2025-12-09T12:04:04.689Z] [TX] unlockFromTarget(burnNonce=5) confirmed in block 9802791 (status=1)
[2025-12-09T12:04:04.690Z] [UNLOCK] unlockFromTarget successful for burnNonce=5, tx=undefined
[2025-12-09T12:13:14.363Z] 
[LOCK EVENT] Sepolia Locked → nonce=6, amount=500.0, sender=0x36b95469dd6eA8d1e17c6bC65513e8c9f53ec50a, recipient=0x36b95469dd6eA8d1e17c6bC65513e8c9f53ec50a, tx=0xe171ab6656c26fcebe573a9fd519164b8f68fd14bac2c25c6792e153490c3773
[2025-12-09T12:13:14.739Z] [MINT] Preparing mintFromSource on Amoy: user=0x36b95469dd6eA8d1e17c6bC65513e8c9f53ec50a, amount=500.0, nonce=6
[2025-12-09T12:13:14.739Z] [TX] mintFromSource(nonce=6) — attempt 1/3
[2025-12-09T12:13:16.996Z] [TX] mintFromSource(nonce=6) sent: 0xaff5c2a72f8b9ebae230c05f4f9f59b783bfacedb009b1b11acc4fc1946de609
[2025-12-09T12:13:21.744Z] [TX] mintFromSource(nonce=6) confirmed in block 30221499 (status=1)
[2025-12-09T12:13:21.746Z] [MINT] mintFromSource successful for nonce=6, tx=undefined
[2025-12-09T12:15:19.484Z] 
[BURN EVENT] Amoy BurnToSource → burnNonce=6, amount=100.0, from=0x36b95469dd6eA8d1e17c6bC65513e8c9f53ec50a, to=0x36b95469dd6eA8d1e17c6bC65513e8c9f53ec50a, tx=0xcaee7e869994f2f5bdfedfd9c45cc022cfde87e6983253f056c7fe87908944e6
[2025-12-09T12:15:19.702Z] [UNLOCK] Preparing unlockFromTarget on Sepolia: recipient=0x36b95469dd6eA8d1e17c6bC65513e8c9f53ec50a, amount=100.0, burnNonce=6
[2025-12-09T12:15:19.704Z] [TX] unlockFromTarget(burnNonce=6) — attempt 1/3
[2025-12-09T12:15:21.069Z] [TX] unlockFromTarget(burnNonce=6) sent: 0x0ee36baa18622e1c19d51d6de56480180cfa9bc5b5fb9d2b1f3650125d641122
[2025-12-09T12:15:38.360Z] [TX] unlockFromTarget(burnNonce=6) confirmed in block 9802846 (status=1)
[2025-12-09T12:15:38.361Z] [UNLOCK] unlockFromTarget successful for burnNonce=6, tx=undefined
[2025-12-09T12:26:15.615Z] 
[LOCK EVENT] Sepolia Locked → nonce=7, amount=10.0, sender=0x36b95469dd6eA8d1e17c6bC65513e8c9f53ec50a, recipient=0x36b95469dd6eA8d1e17c6bC65513e8c9f53ec50a, tx=0xe4c3817e3f6121919fb5bff061e95cc601d46abe7d04474b1f065c5a25db3a8c
[2025-12-09T12:26:15.987Z] [MINT] Preparing mintFromSource on Amoy: user=0x36b95469dd6eA8d1e17c6bC65513e8c9f53ec50a, amount=10.0, nonce=7
[2025-12-09T12:26:15.988Z] [TX] mintFromSource(nonce=7) — attempt 1/3
[2025-12-09T12:26:18.224Z] [TX] mintFromSource(nonce=7) sent: 0xe71bdf9cddc4e1f1c14961a3a75c6c1b30cdb4b8c63f28a51b9526c30918bb73
[2025-12-09T12:26:20.220Z] [TX] mintFromSource(nonce=7) confirmed in block 30222020 (status=1)
[2025-12-09T12:26:20.221Z] [MINT] mintFromSource successful for nonce=7, tx=undefined
[2025-12-09T12:26:39.964Z] 
[BURN EVENT] Amoy BurnToSource → burnNonce=7, amount=10.0, from=0x36b95469dd6eA8d1e17c6bC65513e8c9f53ec50a, to=0x36b95469dd6eA8d1e17c6bC65513e8c9f53ec50a, tx=0x63b060be4f61bdc998daabfad4335acc8dc31dac2cddbd4766ddc497fe70ee58
[2025-12-09T12:26:40.188Z] [UNLOCK] Preparing unlockFromTarget on Sepolia: recipient=0x36b95469dd6eA8d1e17c6bC65513e8c9f53ec50a, amount=10.0, burnNonce=7
[2025-12-09T12:26:40.189Z] [TX] unlockFromTarget(burnNonce=7) — attempt 1/3
[2025-12-09T12:26:41.487Z] [TX] unlockFromTarget(burnNonce=7) sent: 0x919ea5aea7e964c66329b754ea6b6a8e7684e80e154e999fdff38c610e50043b
[2025-12-09T12:26:51.364Z] [TX] unlockFromTarget(burnNonce=7) confirmed in block 9802899 (status=1)
[2025-12-09T12:26:51.365Z] [UNLOCK] unlockFromTarget successful for burnNonce=7, tx=undefined
[2025-12-09T12:48:39.495Z] 
[LOCK EVENT] Sepolia Locked → nonce=8, amount=100.0, sender=0x36b95469dd6eA8d1e17c6bC65513e8c9f53ec50a, recipient=0x36b95469dd6eA8d1e17c6bC65513e8c9f53ec50a, tx=0x96174b00d22132ecda5b1c5e306a897b9b2852e2ae7a22218ee4667052da82cb
[2025-12-09T12:48:39.862Z] [MINT] Preparing mintFromSource on Amoy: user=0x36b95469dd6eA8d1e17c6bC65513e8c9f53ec50a, amount=100.0, nonce=8
[2025-12-09T12:48:39.863Z] [TX] mintFromSource(nonce=8) — attempt 1/3
[2025-12-09T12:48:42.009Z] [TX] mintFromSource(nonce=8) sent: 0x60db971a8675cf0e0f0c2bd79fc64a5e437c158126d5f403326a2521f1a0d3a8
[2025-12-09T12:48:46.348Z] [TX] mintFromSource(nonce=8) confirmed in block 30222916 (status=1)
[2025-12-09T12:48:46.349Z] [MINT] mintFromSource successful for nonce=8, tx=undefined
[2025-12-09T12:49:31.628Z] 
[BURN EVENT] Amoy BurnToSource → burnNonce=8, amount=100.0, from=0x36b95469dd6eA8d1e17c6bC65513e8c9f53ec50a, to=0x36b95469dd6eA8d1e17c6bC65513e8c9f53ec50a, tx=0xa825311008718bc18b7a189e37f2c9d72e78d74b39848cfe0cec5eaf827ad6a8
[2025-12-09T12:49:31.847Z] [UNLOCK] Preparing unlockFromTarget on Sepolia: recipient=0x36b95469dd6eA8d1e17c6bC65513e8c9f53ec50a, amount=100.0, burnNonce=8
[2025-12-09T12:49:31.848Z] [TX] unlockFromTarget(burnNonce=8) — attempt 1/3
[2025-12-09T12:49:33.567Z] [TX] unlockFromTarget(burnNonce=8) sent: 0x106e44a823cf6b5989f86724e2bb28dc503a98c35add30d8cb45e1620eff5b59
[2025-12-09T12:49:40.241Z] [TX] unlockFromTarget(burnNonce=8) confirmed in block 9803009 (status=1)
[2025-12-09T12:49:40.242Z] [UNLOCK] unlockFromTarget successful for burnNonce=8, tx=undefined
[2025-12-09T13:21:32.559Z] === AegisBridge Testnet Relayer v0.4.0 === {"env":"testnet"}
[2025-12-09T13:21:32.560Z] Sepolia RPC : {"url":"https://eth-sepolia.g.alchemy.com/v2/_-xTQNx5Gnu3G06RLUFq0"}
[2025-12-09T13:21:32.561Z] Amoy RPC    : {"url":"https://polygon-amoy.g.alchemy.com/v2/_-xTQNx5Gnu3G06RLUFq0"}
[2025-12-09T13:21:32.562Z] Relayer address: {"address":"0x36b95469dd6eA8d1e17c6bC65513e8c9f53ec50a"}
[2025-12-09T13:21:32.563Z] Bridge contracts: {"sepolia":"0x4Fb169EDA4C92de96634595d36571637CFbb4437","amoy":"0xA9E3bf15148EA340e76B851483486ca546eD8018"}
[2025-12-09T13:21:34.470Z] Health endpoint listening {"port":8081,"env":"testnet"}
[2025-12-09T13:31:35.495Z] === AegisBridge v0.4.1 Testnet Relayer ===
[2025-12-09T13:31:35.496Z] Env           : testnet
[2025-12-09T13:31:35.497Z] Sepolia RPC   : https://eth-sepolia.g.alchemy.com/v2/_-xTQNx5Gnu3G06RLUFq0
[2025-12-09T13:31:35.498Z] Amoy RPC      : https://polygon-amoy.g.alchemy.com/v2/_-xTQNx5Gnu3G06RLUFq0
[2025-12-09T13:31:35.499Z] Relayer addr  : 0x36b95469dd6eA8d1e17c6bC65513e8c9f53ec50a
[2025-12-09T13:31:35.500Z] 
[2025-12-09T13:31:35.501Z] Sepolia chainId : 11155111
[2025-12-09T13:31:35.502Z] Amoy chainId    : 80002
[2025-12-09T13:31:35.503Z] 
[2025-12-09T13:31:35.504Z] SourceBridge (Sepolia): 0x4Fb169EDA4C92de96634595d36571637CFbb4437
[2025-12-09T13:31:35.504Z] ATT (Sepolia)          : 0xDc925c125DC7b51946031761c1693eA6238Bf3fb
[2025-12-09T13:31:35.505Z] TargetBridge (Amoy)    : 0xA9E3bf15148EA340e76B851483486ca546eD8018
[2025-12-09T13:31:35.507Z] wATT (Amoy)            : 0x9A068771D7FcdB50b1ce41dfFb184099b5f32Dc4
[2025-12-09T13:31:35.508Z] ========================================
[2025-12-09T13:31:35.509Z] [CONFIG] DRY_RUN=false, MAX_RETRIES=3, RETRY_DELAY_MS=10000
[2025-12-09T13:31:35.510Z] [CONFIG] DISABLE_SYNC=true, FROM_BLOCK_SEPOLIA=9800900, FROM_BLOCK_AMOY=30205500
[2025-12-09T13:31:35.510Z] [STATE] Loaded relayer_state.json with 0 lock nonces and 0 burn nonces.
[2025-12-09T13:31:35.511Z] [HEALTH] HTTP port=8081, interval=5000 ms

[2025-12-09T13:31:35.512Z] [SYNC] Initial sync is DISABLED by RELAYER_DISABLE_SYNC=true.
[2025-12-09T13:31:35.521Z] Subscribing to live events...
[2025-12-09T13:31:35.524Z] - Locked(user, recipient, amount, nonce) on SourceBridge (Sepolia) → mintFromSource on Amoy
[2025-12-09T13:31:35.526Z] - BurnToSource(from, to, amount, burnNonce) on TargetBridge (Amoy) → unlockFromTarget on Sepolia
[2025-12-09T13:31:35.527Z] 
[2025-12-09T13:31:35.527Z] Press Ctrl+C to exit.

[2025-12-09T13:31:35.535Z] [HEALTH] Server error: listen EADDRINUSE: address already in use :::8081
[2025-12-09T13:35:55.871Z] [HEALTH] Sepolia ping failed: request timeout
[2025-12-09T13:36:00.878Z] [HEALTH] Sepolia ping failed: request timeout
[2025-12-09T13:36:00.894Z] [HEALTH] Amoy ping failed: request timeout
[2025-12-09T13:36:05.887Z] [HEALTH] Sepolia ping failed: request timeout
[2025-12-09T13:36:05.902Z] [HEALTH] Amoy ping failed: request timeout
[2025-12-09T13:36:10.894Z] [HEALTH] Sepolia ping failed: request timeout
[2025-12-09T13:36:10.908Z] [HEALTH] Amoy ping failed: request timeout
[2025-12-09T13:36:15.905Z] [HEALTH] Sepolia ping failed: request timeout
[2025-12-09T13:36:15.920Z] [HEALTH] Amoy ping failed: request timeout
[2025-12-09T13:36:20.899Z] [HEALTH] Sepolia ping failed: request timeout
[2025-12-09T13:36:20.936Z] [HEALTH] Amoy ping failed: request timeout
[2025-12-09T13:36:25.698Z] [HEALTH] Amoy ping failed: request timeout
[2025-12-09T13:36:25.904Z] [HEALTH] Sepolia ping failed: request timeout
[2025-12-09T13:36:30.911Z] [HEALTH] Sepolia ping failed: request timeout
[2025-12-09T13:36:30.926Z] [HEALTH] Amoy ping failed: request timeout
[2025-12-09T13:36:35.921Z] [HEALTH] Sepolia ping failed: request timeout
[2025-12-09T13:36:35.939Z] [HEALTH] Amoy ping failed: request timeout
[2025-12-09T13:36:40.931Z] [HEALTH] Sepolia ping failed: request timeout
[2025-12-09T13:36:40.948Z] [HEALTH] Amoy ping failed: request timeout
[2025-12-09T13:36:45.937Z] [HEALTH] Sepolia ping failed: request timeout
[2025-12-09T13:36:45.952Z] [HEALTH] Amoy ping failed: request timeout
[2025-12-09T13:36:50.941Z] [HEALTH] Sepolia ping failed: request timeout
[2025-12-09T13:36:50.964Z] [HEALTH] Amoy ping failed: request timeout
[2025-12-09T13:36:55.952Z] [HEALTH] Sepolia ping failed: request timeout
[2025-12-09T13:36:55.967Z] [HEALTH] Amoy ping failed: request timeout
[2025-12-09T13:37:00.060Z] [HEALTH] Sepolia ping failed: getaddrinfo ENOTFOUND eth-sepolia.g.alchemy.com
[2025-12-09T13:37:00.064Z] [HEALTH] Amoy ping failed: getaddrinfo ENOTFOUND polygon-amoy.g.alchemy.com
[2025-12-09T13:37:00.090Z] [HEALTH] Amoy ping failed: getaddrinfo ENOTFOUND polygon-amoy.g.alchemy.com
[2025-12-09T13:37:00.955Z] [HEALTH] Sepolia ping failed: getaddrinfo ENOTFOUND eth-sepolia.g.alchemy.com
[2025-12-09T13:37:00.979Z] [HEALTH] Amoy ping failed: getaddrinfo ENOTFOUND polygon-amoy.g.alchemy.com
[2025-12-09T13:37:10.966Z] [HEALTH] Sepolia ping failed: request timeout
[2025-12-09T13:45:26.366Z] [ABI] Loaded ABI for SourceBridge from artifacts/contracts/SourceBridge.sol/SourceBridge.json
[2025-12-09T13:45:26.369Z] [ABI] Loaded ABI for TargetBridge from artifacts/contracts/TargetBridge.sol/TargetBridge.json
[2025-12-09T13:45:27.330Z] === AegisBridge v0.4.1 Testnet Relayer ===
[2025-12-09T13:45:27.332Z] Env           : testnet
[2025-12-09T13:45:27.333Z] Sepolia RPC   : https://eth-sepolia.g.alchemy.com/v2/_-xTQNx5Gnu3G06RLUFq0
[2025-12-09T13:45:27.335Z] Amoy RPC      : https://polygon-amoy.g.alchemy.com/v2/_-xTQNx5Gnu3G06RLUFq0
[2025-12-09T13:45:27.336Z] Relayer addr  : 0x36b95469dd6eA8d1e17c6bC65513e8c9f53ec50a
[2025-12-09T13:45:27.337Z] 
[2025-12-09T13:45:27.338Z] Sepolia chainId : 11155111
[2025-12-09T13:45:27.339Z] Amoy chainId    : 80002
[2025-12-09T13:45:27.340Z] 
[2025-12-09T13:45:27.341Z] SourceBridge (Sepolia): 0x4Fb169EDA4C92de96634595d36571637CFbb4437
[2025-12-09T13:45:27.342Z] ATT (Sepolia)          : 0xDc925c125DC7b51946031761c1693eA6238Bf3fb
[2025-12-09T13:45:27.343Z] TargetBridge (Amoy)    : 0xA9E3bf15148EA340e76B851483486ca546eD8018
[2025-12-09T13:45:27.343Z] wATT (Amoy)            : 0x9A068771D7FcdB50b1ce41dfFb184099b5f32Dc4
[2025-12-09T13:45:27.344Z] ========================================
[2025-12-09T13:45:27.345Z] [CONFIG] DRY_RUN=false, MAX_RETRIES=3, RETRY_DELAY_MS=10000
[2025-12-09T13:45:27.346Z] [CONFIG] DISABLE_SYNC=true, FROM_BLOCK_SEPOLIA=9800900, FROM_BLOCK_AMOY=30205500
[2025-12-09T13:45:27.346Z] [STATE] Loaded relayer_state.json with 0 lock nonces and 0 burn nonces.
[2025-12-09T13:45:27.347Z] [HEALTH] HTTP port=8081, interval=5000 ms

[2025-12-09T13:45:27.348Z] [SYNC] Initial sync is DISABLED by RELAYER_DISABLE_SYNC=true.
[2025-12-09T13:45:27.359Z] Subscribing to live events...
[2025-12-09T13:45:27.359Z] - Locked(user, recipient, amount, nonce) on SourceBridge (Sepolia) → mintFromSource on Amoy
[2025-12-09T13:45:27.360Z] - BurnToSource(from, to, amount, burnNonce) on TargetBridge (Amoy) → unlockFromTarget on Sepolia
[2025-12-09T13:45:27.361Z] 
[2025-12-09T13:45:27.362Z] Press Ctrl+C to exit.

[2025-12-09T13:45:27.369Z] [HEALTH] HTTP health endpoint listening on port 8081
[2025-12-09T13:53:37.488Z] 
[LOCK EVENT] Sepolia Locked → nonce=9, amount=100.0, sender=0x36b95469dd6eA8d1e17c6bC65513e8c9f53ec50a, recipient=0x36b95469dd6eA8d1e17c6bC65513e8c9f53ec50a, tx=0xc06a906cba27106f4ff586fe117cd9481c12a95333cb4be077e6d475659e95fb
[2025-12-09T13:53:37.865Z] [MINT] Preparing mintFromSource on Amoy: user=0x36b95469dd6eA8d1e17c6bC65513e8c9f53ec50a, amount=100.0, nonce=9
[2025-12-09T13:53:37.867Z] [TX] mintFromSource(nonce=9) — attempt 1/3
[2025-12-09T13:53:40.110Z] [TX-ERROR] mintFromSource(nonce=9) failed on attempt 1/3: could not coalesce error
[2025-12-09T13:53:40.111Z] [TX] Waiting 10000 ms before retry (label=mintFromSource(nonce=9))...
[2025-12-09T13:53:50.120Z] [TX] mintFromSource(nonce=9) — attempt 2/3
[2025-12-09T13:53:52.398Z] [TX-ERROR] mintFromSource(nonce=9) failed on attempt 2/3: could not coalesce error
[2025-12-09T13:53:52.399Z] [TX] Waiting 10000 ms before retry (label=mintFromSource(nonce=9))...
[2025-12-09T13:54:02.414Z] [TX] mintFromSource(nonce=9) — attempt 3/3
[2025-12-09T13:54:04.653Z] [TX-ERROR] mintFromSource(nonce=9) failed on attempt 3/3: could not coalesce error
[2025-12-09T13:54:04.654Z] [TX-ERROR] mintFromSource(nonce=9) giving up after 3 attempts.
[2025-12-09T13:54:04.655Z] [TX-ERROR-DETAIL] Error: could not coalesce error (error={ "code": -32000, "message": "INTERNAL_ERROR: gas limit is too high" }, payload={ "id": 247, "jsonrpc": "2.0", "method": "eth_sendRawTransaction", "params": [ "0x02f8d5830138822c8507558bdb4b8507558bdbc983010d5494a9e3bf15148ea340e76b851483486ca546ed801880b86429b921fd00000000000000000000000036b95469dd6ea8d1e17c6bc65513e8c9f53ec50a0000000000000000000000000000000000000000000000056bc75e2d631000000000000000000000000000000000000000000000000000000000000000000009c080a0b39c17b4ad3a12c6a7aef49a651c3ccaf87f6a8382b35f3c83b442b384b48d72a01dc0bbafd8d6a1038512db66cf17fba5ad3afc9b8f799571b1bbf716a6745013" ] }, code=UNKNOWN_ERROR, version=6.16.0)
[2025-12-09T14:04:46.431Z] [ABI] Loaded ABI for SourceBridge from artifacts/contracts/SourceBridge.sol/SourceBridge.json
[2025-12-09T14:04:46.433Z] [ABI] Loaded ABI for TargetBridge from artifacts/contracts/TargetBridge.sol/TargetBridge.json
[2025-12-09T14:04:47.302Z] === AegisBridge v0.4.2 Testnet Relayer ===
[2025-12-09T14:04:47.303Z] Env           : testnet
[2025-12-09T14:04:47.303Z] Sepolia RPC   : https://eth-sepolia.g.alchemy.com/v2/_-xTQNx5Gnu3G06RLUFq0
[2025-12-09T14:04:47.304Z] Amoy RPC      : https://polygon-amoy.g.alchemy.com/v2/_-xTQNx5Gnu3G06RLUFq0
[2025-12-09T14:04:47.305Z] Relayer addr  : 0x36b95469dd6eA8d1e17c6bC65513e8c9f53ec50a
[2025-12-09T14:04:47.306Z] 
[2025-12-09T14:04:47.307Z] Sepolia chainId : 11155111
[2025-12-09T14:04:47.307Z] Amoy chainId    : 80002
[2025-12-09T14:04:47.308Z] 
[2025-12-09T14:04:47.308Z] SourceBridge (Sepolia): 0x4Fb169EDA4C92de96634595d36571637CFbb4437
[2025-12-09T14:04:47.309Z] ATT (Sepolia)          : 0xDc925c125DC7b51946031761c1693eA6238Bf3fb
[2025-12-09T14:04:47.309Z] TargetBridge (Amoy)    : 0xA9E3bf15148EA340e76B851483486ca546eD8018
[2025-12-09T14:04:47.310Z] wATT (Amoy)            : 0x9A068771D7FcdB50b1ce41dfFb184099b5f32Dc4
[2025-12-09T14:04:47.311Z] ========================================
[2025-12-09T14:04:47.311Z] [CONFIG] DRY_RUN=false, MAX_RETRIES=3, RETRY_DELAY_MS=10000
[2025-12-09T14:04:47.312Z] [CONFIG] DISABLE_SYNC=true, FROM_BLOCK_SEPOLIA=9800900, FROM_BLOCK_AMOY=30205500
[2025-12-09T14:04:47.312Z] [CONFIG] MINT_GAS_LIMIT=300000, UNLOCK_GAS_LIMIT=300000
[2025-12-09T14:04:47.313Z] [STATE] Loaded relayer_state.json with 0 lock nonces and 0 burn nonces.
[2025-12-09T14:04:47.314Z] [HEALTH] HTTP port=8081, interval=5000 ms

[2025-12-09T14:04:47.315Z] [SYNC] Initial sync is DISABLED by RELAYER_DISABLE_SYNC=true.
[2025-12-09T14:04:47.323Z] Subscribing to live events...
[2025-12-09T14:04:47.324Z] - Locked(user, recipient, amount, nonce) on SourceBridge (Sepolia) → mintFromSource on Amoy
[2025-12-09T14:04:47.325Z] - BurnToSource(from, to, amount, burnNonce) on TargetBridge (Amoy) → unlockFromTarget on Sepolia
[2025-12-09T14:04:47.326Z] 
[2025-12-09T14:04:47.328Z] Press Ctrl+C to exit.

[2025-12-09T14:04:47.334Z] [HEALTH] HTTP health endpoint listening on port 8081
[2025-12-09T14:06:14.961Z] 
[LOCK EVENT] Sepolia Locked → nonce=10, amount=10.0, sender=0x36b95469dd6eA8d1e17c6bC65513e8c9f53ec50a, recipient=0x36b95469dd6eA8d1e17c6bC65513e8c9f53ec50a, tx=0xd6599c6b9c28d9b1490092384a761a2620cac7fad029b4447e056e9ee765c78b
[2025-12-09T14:06:16.147Z] [MINT] Preparing mintFromSource on Amoy: user=0x36b95469dd6eA8d1e17c6bC65513e8c9f53ec50a, amount=10.0, nonce=10, gasLimit=300000
[2025-12-09T14:06:16.148Z] [TX] mintFromSource(nonce=10) — attempt 1/3
[2025-12-09T14:06:18.026Z] [TX] mintFromSource(nonce=10) sent: 0xf0c90ebf18224fd276aa1335b697a23cde0a655bd5f8ec07b84c9292b3073001
[2025-12-09T14:06:20.683Z] [TX] mintFromSource(nonce=10) confirmed in block 30226020 (status=1)
[2025-12-09T14:06:20.685Z] [MINT] mintFromSource successful for nonce=10, tx=undefined
[2025-12-09T14:07:11.157Z] 
[BURN EVENT] Amoy BurnToSource → burnNonce=10, amount=10.0, from=0x36b95469dd6eA8d1e17c6bC65513e8c9f53ec50a, to=0x36b95469dd6eA8d1e17c6bC65513e8c9f53ec50a, tx=0xe1d764a8a76011f0013b6f600708822150febdf7945054c2755f8f060a290799
[2025-12-09T14:07:11.375Z] [UNLOCK] Preparing unlockFromTarget on Sepolia: recipient=0x36b95469dd6eA8d1e17c6bC65513e8c9f53ec50a, amount=10.0, burnNonce=10, gasLimit=300000
[2025-12-09T14:07:11.376Z] [TX] unlockFromTarget(burnNonce=10) — attempt 1/3
[2025-12-09T14:07:12.724Z] [TX] unlockFromTarget(burnNonce=10) sent: 0x2dcf5cc19d219542f9fe4962ec3033d925ffcc0ca8a0002beb1379d4d965d2dc
[2025-12-09T14:07:25.582Z] [TX] unlockFromTarget(burnNonce=10) confirmed in block 9803375 (status=1)
[2025-12-09T14:07:25.584Z] [UNLOCK] unlockFromTarget successful for burnNonce=10, tx=undefined
